==82072== Memcheck, a memory error detector
==82072== Copyright (C) 2002-2017, and GNU GPL'd, by Julian Seward et al.
==82072== Using Valgrind-3.18.1 and LibVEX; rerun with -h for copyright info
==82072== Command: ./build/manual_test
==82072== Parent PID: 82055
==82072== 
==82072== 
==82072== Process terminating with default action of signal 1 (SIGHUP)
==82072==    at 0x4D40F0E: futex_wake (futex-internal.h:209)
==82072==    by 0x4D40F0E: __pthread_once_slow (pthread_once.c:127)
==82072==    by 0x9C19B0F: llvm::initializeAssumptionCacheTrackerPass(llvm::PassRegistry&) (in /usr/lib/x86_64-linux-gnu/libLLVM-15.so.1)
==82072==    by 0x9C22FFB: ??? (in /usr/lib/x86_64-linux-gnu/libLLVM-15.so.1)
==82072==    by 0x4D40EE7: __pthread_once_slow (pthread_once.c:116)
==82072==    by 0x9C22F7F: llvm::initializeBasicAAWrapperPassPass(llvm::PassRegistry&) (in /usr/lib/x86_64-linux-gnu/libLLVM-15.so.1)
==82072==    by 0x9C0A24C: ??? (in /usr/lib/x86_64-linux-gnu/libLLVM-15.so.1)
==82072==    by 0x4D40EE7: __pthread_once_slow (pthread_once.c:116)
==82072==    by 0x9C0A1CF: llvm::initializeAAResultsWrapperPassPass(llvm::PassRegistry&) (in /usr/lib/x86_64-linux-gnu/libLLVM-15.so.1)
==82072==    by 0xB7AB6FB: ??? (in /usr/lib/x86_64-linux-gnu/libLLVM-15.so.1)
==82072==    by 0x4D40EE7: __pthread_once_slow (pthread_once.c:116)
==82072==    by 0xB7AB68F: llvm::initializeScopInfoRegionPassPass(llvm::PassRegistry&) (in /usr/lib/x86_64-linux-gnu/libLLVM-15.so.1)
==82072==    by 0xB77A7CB: ??? (in /usr/lib/x86_64-linux-gnu/libLLVM-15.so.1)
==82072==    by 0x4D40EE7: __pthread_once_slow (pthread_once.c:116)
==82072==    by 0xB77A75F: llvm::initializeDependenceInfoPass(llvm::PassRegistry&) (in /usr/lib/x86_64-linux-gnu/libLLVM-15.so.1)
==82072==    by 0xB7D756B: ??? (in /usr/lib/x86_64-linux-gnu/libLLVM-15.so.1)
==82072==    by 0x4D40EE7: __pthread_once_slow (pthread_once.c:116)
==82072==    by 0xB7D74FF: llvm::initializeCodeGenerationPass(llvm::PassRegistry&) (in /usr/lib/x86_64-linux-gnu/libLLVM-15.so.1)
==82072==    by 0xB71CDA8: polly::initializePollyPasses(llvm::PassRegistry&) (in /usr/lib/x86_64-linux-gnu/libLLVM-15.so.1)
==82072==    by 0x8780DB3: ??? (in /usr/lib/x86_64-linux-gnu/libLLVM-15.so.1)
==82072==    by 0x400647D: call_init.part.0 (dl-init.c:70)
==82072==    by 0x4006567: call_init (dl-init.c:33)
==82072==    by 0x4006567: _dl_init (dl-init.c:117)
==82072==    by 0x4E1BCE4: _dl_catch_exception (dl-error-skeleton.c:182)
==82072==    by 0x400DFF5: dl_open_worker (dl-open.c:808)
==82072==    by 0x400DFF5: dl_open_worker (dl-open.c:771)
==82072==    by 0x4E1BC87: _dl_catch_exception (dl-error-skeleton.c:208)
==82072==    by 0x400E34D: _dl_open (dl-open.c:883)
==82072==    by 0x4D3763B: dlopen_doit (dlopen.c:56)
==82072==    by 0x4E1BC87: _dl_catch_exception (dl-error-skeleton.c:208)
==82072==    by 0x4E1BD52: _dl_catch_error (dl-error-skeleton.c:227)
==82072==    by 0x4D3712D: _dlerror_run (dlerror.c:138)
==82072==    by 0x4D376C7: dlopen_implementation (dlopen.c:71)
==82072==    by 0x4D376C7: dlopen@@GLIBC_2.34 (dlopen.c:81)
==82072==    by 0x5A733D9: ??? (in /usr/lib/x86_64-linux-gnu/libGLX_mesa.so.0.0.0)
==82072==    by 0x5A734CC: ??? (in /usr/lib/x86_64-linux-gnu/libGLX_mesa.so.0.0.0)
==82072==    by 0x5A51494: ??? (in /usr/lib/x86_64-linux-gnu/libGLX_mesa.so.0.0.0)
==82072==    by 0x5A531DD: ??? (in /usr/lib/x86_64-linux-gnu/libGLX_mesa.so.0.0.0)
==82072==    by 0x5A5937F: ??? (in /usr/lib/x86_64-linux-gnu/libGLX_mesa.so.0.0.0)
==82072==    by 0x5A55DFB: ??? (in /usr/lib/x86_64-linux-gnu/libGLX_mesa.so.0.0.0)
==82072==    by 0x14DD86: extensionSupportedGLX (in /home/nelloy/proj/gnev/build/manual_test)
==82072==    by 0x14DA9B: _glfwInitGLX (in /home/nelloy/proj/gnev/build/manual_test)
==82072==    by 0x145CD2: _glfwCreateWindowX11 (in /home/nelloy/proj/gnev/build/manual_test)
==82072==    by 0x138FD4: glfwCreateWindow (in /home/nelloy/proj/gnev/build/manual_test)
==82072==    by 0x12D435: OpenGLContext::createWindow(unsigned int, unsigned int, bool) (test/shared/OpenGLContext.cpp:76)
==82072==    by 0x12CF75: OpenGLContext::OpenGLContext(unsigned int, unsigned int, bool) (test/shared/OpenGLContext.cpp:16)
==82072==    by 0x121BE9: GlfwWindow::GlfwWindow(unsigned int, unsigned int) (test/manual/GlfwWindow.cpp:8)
==82072==    by 0x124126: main (test/manual/main.cpp:123)
==82072== 
==82072== HEAP SUMMARY:
==82072==     in use at exit: 1,488,173 bytes in 4,808 blocks
==82072==   total heap usage: 29,276 allocs, 24,468 frees, 6,266,566 bytes allocated
==82072== 
==82072== 7 bytes in 1 blocks are still reachable in loss record 12 of 2,570
==82072==    at 0x4848899: malloc (in /usr/libexec/valgrind/vgpreload_memcheck-amd64-linux.so)
==82072==    by 0x4D4F5CE: strndup (strndup.c:43)
==82072==    by 0x4CDE814: _nl_find_locale (findlocale.c:310)
==82072==    by 0x4CDDA90: setlocale (setlocale.c:414)
==82072==    by 0x4CDDA90: setlocale (setlocale.c:217)
==82072==    by 0x13EC9A: _glfwConnectX11 (in /home/nelloy/proj/gnev/build/manual_test)
==82072==    by 0x13763C: _glfwSelectPlatform (in /home/nelloy/proj/gnev/build/manual_test)
==82072==    by 0x130B1D: glfwInit (in /home/nelloy/proj/gnev/build/manual_test)
==82072==    by 0x12D0E6: OpenGLContext::createWindow(unsigned int, unsigned int, bool) (test/shared/OpenGLContext.cpp:53)
==82072==    by 0x12CF75: OpenGLContext::OpenGLContext(unsigned int, unsigned int, bool) (test/shared/OpenGLContext.cpp:16)
==82072==    by 0x121BE9: GlfwWindow::GlfwWindow(unsigned int, unsigned int) (test/manual/GlfwWindow.cpp:8)
==82072==    by 0x124126: main (test/manual/main.cpp:123)
==82072== 
{
   <insert_a_suppression_name_here>
   Memcheck:Leak
   match-leak-kinds: reachable
   fun:malloc
   fun:strndup
   fun:_nl_find_locale
   fun:setlocale
   fun:setlocale
   fun:_glfwConnectX11
   fun:_glfwSelectPlatform
   fun:glfwInit
   fun:_ZN13OpenGLContext12createWindowEjjb
   fun:_ZN13OpenGLContextC1Ejjb
   fun:_ZN10GlfwWindowC1Ejj
   fun:main
}
==82072== 8 bytes in 1 blocks are still reachable in loss record 14 of 2,570
==82072==    at 0x4848899: malloc (in /usr/libexec/valgrind/vgpreload_memcheck-amd64-linux.so)
==82072==    by 0x4D4F58E: strdup (strdup.c:42)
==82072==    by 0x4CDDACA: setlocale (setlocale.c:431)
==82072==    by 0x4CDDACA: setlocale (setlocale.c:217)
==82072==    by 0x13EC9A: _glfwConnectX11 (in /home/nelloy/proj/gnev/build/manual_test)
==82072==    by 0x13763C: _glfwSelectPlatform (in /home/nelloy/proj/gnev/build/manual_test)
==82072==    by 0x130B1D: glfwInit (in /home/nelloy/proj/gnev/build/manual_test)
==82072==    by 0x12D0E6: OpenGLContext::createWindow(unsigned int, unsigned int, bool) (test/shared/OpenGLContext.cpp:53)
==82072==    by 0x12CF75: OpenGLContext::OpenGLContext(unsigned int, unsigned int, bool) (test/shared/OpenGLContext.cpp:16)
==82072==    by 0x121BE9: GlfwWindow::GlfwWindow(unsigned int, unsigned int) (test/manual/GlfwWindow.cpp:8)
==82072==    by 0x124126: main (test/manual/main.cpp:123)
==82072== 
{
   <insert_a_suppression_name_here>
   Memcheck:Leak
   match-leak-kinds: reachable
   fun:malloc
   fun:strdup
   fun:setlocale
   fun:setlocale
   fun:_glfwConnectX11
   fun:_glfwSelectPlatform
   fun:glfwInit
   fun:_ZN13OpenGLContext12createWindowEjjb
   fun:_ZN13OpenGLContextC1Ejjb
   fun:_ZN10GlfwWindowC1Ejj
   fun:main
}
==82072== 8 bytes in 1 blocks are still reachable in loss record 15 of 2,570
==82072==    at 0x4848899: malloc (in /usr/libexec/valgrind/vgpreload_memcheck-amd64-linux.so)
==82072==    by 0x54DAB34: ??? (in /usr/lib/x86_64-linux-gnu/libXext.so.6.4.0)
==82072==    by 0x54DC9DF: XextAddDisplay (in /usr/lib/x86_64-linux-gnu/libXext.so.6.4.0)
==82072==    by 0x54D0444: XF86VidModeQueryExtension (in /usr/lib/x86_64-linux-gnu/libXxf86vm.so.1.0.0)
==82072==    by 0x140911: initExtensions (in /home/nelloy/proj/gnev/build/manual_test)
==82072==    by 0x140040: _glfwInitX11 (in /home/nelloy/proj/gnev/build/manual_test)
==82072==    by 0x130B3C: glfwInit (in /home/nelloy/proj/gnev/build/manual_test)
==82072==    by 0x12D0E6: OpenGLContext::createWindow(unsigned int, unsigned int, bool) (test/shared/OpenGLContext.cpp:53)
==82072==    by 0x12CF75: OpenGLContext::OpenGLContext(unsigned int, unsigned int, bool) (test/shared/OpenGLContext.cpp:16)
==82072==    by 0x121BE9: GlfwWindow::GlfwWindow(unsigned int, unsigned int) (test/manual/GlfwWindow.cpp:8)
==82072==    by 0x124126: main (test/manual/main.cpp:123)
==82072== 
{
   <insert_a_suppression_name_here>
   Memcheck:Leak
   match-leak-kinds: reachable
   fun:malloc
   obj:/usr/lib/x86_64-linux-gnu/libXext.so.6.4.0
   fun:XextAddDisplay
   fun:XF86VidModeQueryExtension
   fun:initExtensions
   fun:_glfwInitX11
   fun:glfwInit
   fun:_ZN13OpenGLContext12createWindowEjjb
   fun:_ZN13OpenGLContextC1Ejjb
   fun:_ZN10GlfwWindowC1Ejj
   fun:main
}
==82072== 8 bytes in 1 blocks are still reachable in loss record 16 of 2,570
==82072==    at 0x4848899: malloc (in /usr/libexec/valgrind/vgpreload_memcheck-amd64-linux.so)
==82072==    by 0x54EE8E2: ??? (in /usr/lib/x86_64-linux-gnu/libXi.so.6.1.0)
==82072==    by 0x54EEA87: ??? (in /usr/lib/x86_64-linux-gnu/libXi.so.6.1.0)
==82072==    by 0x54F724F: XIQueryVersion (in /usr/lib/x86_64-linux-gnu/libXi.so.6.1.0)
==82072==    by 0x140A87: initExtensions (in /home/nelloy/proj/gnev/build/manual_test)
==82072==    by 0x140040: _glfwInitX11 (in /home/nelloy/proj/gnev/build/manual_test)
==82072==    by 0x130B3C: glfwInit (in /home/nelloy/proj/gnev/build/manual_test)
==82072==    by 0x12D0E6: OpenGLContext::createWindow(unsigned int, unsigned int, bool) (test/shared/OpenGLContext.cpp:53)
==82072==    by 0x12CF75: OpenGLContext::OpenGLContext(unsigned int, unsigned int, bool) (test/shared/OpenGLContext.cpp:16)
==82072==    by 0x121BE9: GlfwWindow::GlfwWindow(unsigned int, unsigned int) (test/manual/GlfwWindow.cpp:8)
==82072==    by 0x124126: main (test/manual/main.cpp:123)
==82072== 
{
   <insert_a_suppression_name_here>
   Memcheck:Leak
   match-leak-kinds: reachable
   fun:malloc
   obj:/usr/lib/x86_64-linux-gnu/libXi.so.6.1.0
   obj:/usr/lib/x86_64-linux-gnu/libXi.so.6.1.0
   fun:XIQueryVersion
   fun:initExtensions
   fun:_glfwInitX11
   fun:glfwInit
   fun:_ZN13OpenGLContext12createWindowEjjb
   fun:_ZN13OpenGLContextC1Ejjb
   fun:_ZN10GlfwWindowC1Ejj
   fun:main
}
==82072== 16 bytes in 1 blocks are still reachable in loss record 78 of 2,570
==82072==    at 0x484DCD3: realloc (in /usr/libexec/valgrind/vgpreload_memcheck-amd64-linux.so)
==82072==    by 0x130C60: defaultReallocate (in /home/nelloy/proj/gnev/build/manual_test)
==82072==    by 0x130365: _glfw_realloc (in /home/nelloy/proj/gnev/build/manual_test)
==82072==    by 0x135F05: _glfwInputMonitor (in /home/nelloy/proj/gnev/build/manual_test)
==82072==    by 0x1440C2: _glfwPollMonitorsX11 (in /home/nelloy/proj/gnev/build/manual_test)
==82072==    by 0x1400F7: _glfwInitX11 (in /home/nelloy/proj/gnev/build/manual_test)
==82072==    by 0x130B3C: glfwInit (in /home/nelloy/proj/gnev/build/manual_test)
==82072==    by 0x12D0E6: OpenGLContext::createWindow(unsigned int, unsigned int, bool) (test/shared/OpenGLContext.cpp:53)
==82072==    by 0x12CF75: OpenGLContext::OpenGLContext(unsigned int, unsigned int, bool) (test/shared/OpenGLContext.cpp:16)
==82072==    by 0x121BE9: GlfwWindow::GlfwWindow(unsigned int, unsigned int) (test/manual/GlfwWindow.cpp:8)
==82072==    by 0x124126: main (test/manual/main.cpp:123)
==82072== 
{
   <insert_a_suppression_name_here>
   Memcheck:Leak
   match-leak-kinds: reachable
   fun:realloc
   fun:defaultReallocate
   fun:_glfw_realloc
   fun:_glfwInputMonitor
   fun:_glfwPollMonitorsX11
   fun:_glfwInitX11
   fun:glfwInit
   fun:_ZN13OpenGLContext12createWindowEjjb
   fun:_ZN13OpenGLContextC1Ejjb
   fun:_ZN10GlfwWindowC1Ejj
   fun:main
}
==82072== 24 bytes in 1 blocks are still reachable in loss record 123 of 2,570
==82072==    at 0x4848899: malloc (in /usr/libexec/valgrind/vgpreload_memcheck-amd64-linux.so)
==82072==    by 0x54DC041: XextCreateExtension (in /usr/lib/x86_64-linux-gnu/libXext.so.6.4.0)
==82072==    by 0x54DC4CC: ??? (in /usr/lib/x86_64-linux-gnu/libXext.so.6.4.0)
==82072==    by 0x54DC9C8: XextAddDisplay (in /usr/lib/x86_64-linux-gnu/libXext.so.6.4.0)
==82072==    by 0x54D0444: XF86VidModeQueryExtension (in /usr/lib/x86_64-linux-gnu/libXxf86vm.so.1.0.0)
==82072==    by 0x140911: initExtensions (in /home/nelloy/proj/gnev/build/manual_test)
==82072==    by 0x140040: _glfwInitX11 (in /home/nelloy/proj/gnev/build/manual_test)
==82072==    by 0x130B3C: glfwInit (in /home/nelloy/proj/gnev/build/manual_test)
==82072==    by 0x12D0E6: OpenGLContext::createWindow(unsigned int, unsigned int, bool) (test/shared/OpenGLContext.cpp:53)
==82072==    by 0x12CF75: OpenGLContext::OpenGLContext(unsigned int, unsigned int, bool) (test/shared/OpenGLContext.cpp:16)
==82072==    by 0x121BE9: GlfwWindow::GlfwWindow(unsigned int, unsigned int) (test/manual/GlfwWindow.cpp:8)
==82072==    by 0x124126: main (test/manual/main.cpp:123)
==82072== 
{
   <insert_a_suppression_name_here>
   Memcheck:Leak
   match-leak-kinds: reachable
   fun:malloc
   fun:XextCreateExtension
   obj:/usr/lib/x86_64-linux-gnu/libXext.so.6.4.0
   fun:XextAddDisplay
   fun:XF86VidModeQueryExtension
   fun:initExtensions
   fun:_glfwInitX11
   fun:glfwInit
   fun:_ZN13OpenGLContext12createWindowEjjb
   fun:_ZN13OpenGLContextC1Ejjb
   fun:_ZN10GlfwWindowC1Ejj
   fun:main
}
==82072== 24 bytes in 1 blocks are still reachable in loss record 125 of 2,570
==82072==    at 0x4848899: malloc (in /usr/libexec/valgrind/vgpreload_memcheck-amd64-linux.so)
==82072==    by 0x54DC9F5: XextAddDisplay (in /usr/lib/x86_64-linux-gnu/libXext.so.6.4.0)
==82072==    by 0x54D0444: XF86VidModeQueryExtension (in /usr/lib/x86_64-linux-gnu/libXxf86vm.so.1.0.0)
==82072==    by 0x140911: initExtensions (in /home/nelloy/proj/gnev/build/manual_test)
==82072==    by 0x140040: _glfwInitX11 (in /home/nelloy/proj/gnev/build/manual_test)
==82072==    by 0x130B3C: glfwInit (in /home/nelloy/proj/gnev/build/manual_test)
==82072==    by 0x12D0E6: OpenGLContext::createWindow(unsigned int, unsigned int, bool) (test/shared/OpenGLContext.cpp:53)
==82072==    by 0x12CF75: OpenGLContext::OpenGLContext(unsigned int, unsigned int, bool) (test/shared/OpenGLContext.cpp:16)
==82072==    by 0x121BE9: GlfwWindow::GlfwWindow(unsigned int, unsigned int) (test/manual/GlfwWindow.cpp:8)
==82072==    by 0x124126: main (test/manual/main.cpp:123)
==82072== 
{
   <insert_a_suppression_name_here>
   Memcheck:Leak
   match-leak-kinds: reachable
   fun:malloc
   fun:XextAddDisplay
   fun:XF86VidModeQueryExtension
   fun:initExtensions
   fun:_glfwInitX11
   fun:glfwInit
   fun:_ZN13OpenGLContext12createWindowEjjb
   fun:_ZN13OpenGLContextC1Ejjb
   fun:_ZN10GlfwWindowC1Ejj
   fun:main
}
==82072== 24 bytes in 1 blocks are still reachable in loss record 126 of 2,570
==82072==    at 0x4848899: malloc (in /usr/libexec/valgrind/vgpreload_memcheck-amd64-linux.so)
==82072==    by 0x54DC041: XextCreateExtension (in /usr/lib/x86_64-linux-gnu/libXext.so.6.4.0)
==82072==    by 0x54EF16C: ??? (in /usr/lib/x86_64-linux-gnu/libXi.so.6.1.0)
==82072==    by 0x54F722B: XIQueryVersion (in /usr/lib/x86_64-linux-gnu/libXi.so.6.1.0)
==82072==    by 0x140A87: initExtensions (in /home/nelloy/proj/gnev/build/manual_test)
==82072==    by 0x140040: _glfwInitX11 (in /home/nelloy/proj/gnev/build/manual_test)
==82072==    by 0x130B3C: glfwInit (in /home/nelloy/proj/gnev/build/manual_test)
==82072==    by 0x12D0E6: OpenGLContext::createWindow(unsigned int, unsigned int, bool) (test/shared/OpenGLContext.cpp:53)
==82072==    by 0x12CF75: OpenGLContext::OpenGLContext(unsigned int, unsigned int, bool) (test/shared/OpenGLContext.cpp:16)
==82072==    by 0x121BE9: GlfwWindow::GlfwWindow(unsigned int, unsigned int) (test/manual/GlfwWindow.cpp:8)
==82072==    by 0x124126: main (test/manual/main.cpp:123)
==82072== 
{
   <insert_a_suppression_name_here>
   Memcheck:Leak
   match-leak-kinds: reachable
   fun:malloc
   fun:XextCreateExtension
   obj:/usr/lib/x86_64-linux-gnu/libXi.so.6.1.0
   fun:XIQueryVersion
   fun:initExtensions
   fun:_glfwInitX11
   fun:glfwInit
   fun:_ZN13OpenGLContext12createWindowEjjb
   fun:_ZN13OpenGLContextC1Ejjb
   fun:_ZN10GlfwWindowC1Ejj
   fun:main
}
==82072== 24 bytes in 1 blocks are still reachable in loss record 127 of 2,570
==82072==    at 0x4848899: malloc (in /usr/libexec/valgrind/vgpreload_memcheck-amd64-linux.so)
==82072==    by 0x54DC9F5: XextAddDisplay (in /usr/lib/x86_64-linux-gnu/libXext.so.6.4.0)
==82072==    by 0x54EF085: ??? (in /usr/lib/x86_64-linux-gnu/libXi.so.6.1.0)
==82072==    by 0x54F722B: XIQueryVersion (in /usr/lib/x86_64-linux-gnu/libXi.so.6.1.0)
==82072==    by 0x140A87: initExtensions (in /home/nelloy/proj/gnev/build/manual_test)
==82072==    by 0x140040: _glfwInitX11 (in /home/nelloy/proj/gnev/build/manual_test)
==82072==    by 0x130B3C: glfwInit (in /home/nelloy/proj/gnev/build/manual_test)
==82072==    by 0x12D0E6: OpenGLContext::createWindow(unsigned int, unsigned int, bool) (test/shared/OpenGLContext.cpp:53)
==82072==    by 0x12CF75: OpenGLContext::OpenGLContext(unsigned int, unsigned int, bool) (test/shared/OpenGLContext.cpp:16)
==82072==    by 0x121BE9: GlfwWindow::GlfwWindow(unsigned int, unsigned int) (test/manual/GlfwWindow.cpp:8)
==82072==    by 0x124126: main (test/manual/main.cpp:123)
==82072== 
{
   <insert_a_suppression_name_here>
   Memcheck:Leak
   match-leak-kinds: reachable
   fun:malloc
   fun:XextAddDisplay
   obj:/usr/lib/x86_64-linux-gnu/libXi.so.6.1.0
   fun:XIQueryVersion
   fun:initExtensions
   fun:_glfwInitX11
   fun:glfwInit
   fun:_ZN13OpenGLContext12createWindowEjjb
   fun:_ZN13OpenGLContextC1Ejjb
   fun:_ZN10GlfwWindowC1Ejj
   fun:main
}
==82072== 24 bytes in 1 blocks are still reachable in loss record 128 of 2,570
==82072==    at 0x4848899: malloc (in /usr/libexec/valgrind/vgpreload_memcheck-amd64-linux.so)
==82072==    by 0x54DC9F5: XextAddDisplay (in /usr/lib/x86_64-linux-gnu/libXext.so.6.4.0)
==82072==    by 0x5501A2F: ??? (in /usr/lib/x86_64-linux-gnu/libXrandr.so.2.2.0)
==82072==    by 0x5502BD7: XRRQueryExtension (in /usr/lib/x86_64-linux-gnu/libXrandr.so.2.2.0)
==82072==    by 0x140E2F: initExtensions (in /home/nelloy/proj/gnev/build/manual_test)
==82072==    by 0x140040: _glfwInitX11 (in /home/nelloy/proj/gnev/build/manual_test)
==82072==    by 0x130B3C: glfwInit (in /home/nelloy/proj/gnev/build/manual_test)
==82072==    by 0x12D0E6: OpenGLContext::createWindow(unsigned int, unsigned int, bool) (test/shared/OpenGLContext.cpp:53)
==82072==    by 0x12CF75: OpenGLContext::OpenGLContext(unsigned int, unsigned int, bool) (test/shared/OpenGLContext.cpp:16)
==82072==    by 0x121BE9: GlfwWindow::GlfwWindow(unsigned int, unsigned int) (test/manual/GlfwWindow.cpp:8)
==82072==    by 0x124126: main (test/manual/main.cpp:123)
==82072== 
{
   <insert_a_suppression_name_here>
   Memcheck:Leak
   match-leak-kinds: reachable
   fun:malloc
   fun:XextAddDisplay
   obj:/usr/lib/x86_64-linux-gnu/libXrandr.so.2.2.0
   fun:XRRQueryExtension
   fun:initExtensions
   fun:_glfwInitX11
   fun:glfwInit
   fun:_ZN13OpenGLContext12createWindowEjjb
   fun:_ZN13OpenGLContextC1Ejjb
   fun:_ZN10GlfwWindowC1Ejj
   fun:main
}
==82072== 24 bytes in 1 blocks are still reachable in loss record 129 of 2,570
==82072==    at 0x4848899: malloc (in /usr/libexec/valgrind/vgpreload_memcheck-amd64-linux.so)
==82072==    by 0x54DC9F5: XextAddDisplay (in /usr/lib/x86_64-linux-gnu/libXext.so.6.4.0)
==82072==    by 0x552E384: XPanoramiXQueryExtension (in /usr/lib/x86_64-linux-gnu/libXinerama.so.1.0.0)
==82072==    by 0x14123C: initExtensions (in /home/nelloy/proj/gnev/build/manual_test)
==82072==    by 0x140040: _glfwInitX11 (in /home/nelloy/proj/gnev/build/manual_test)
==82072==    by 0x130B3C: glfwInit (in /home/nelloy/proj/gnev/build/manual_test)
==82072==    by 0x12D0E6: OpenGLContext::createWindow(unsigned int, unsigned int, bool) (test/shared/OpenGLContext.cpp:53)
==82072==    by 0x12CF75: OpenGLContext::OpenGLContext(unsigned int, unsigned int, bool) (test/shared/OpenGLContext.cpp:16)
==82072==    by 0x121BE9: GlfwWindow::GlfwWindow(unsigned int, unsigned int) (test/manual/GlfwWindow.cpp:8)
==82072==    by 0x124126: main (test/manual/main.cpp:123)
==82072== 
{
   <insert_a_suppression_name_here>
   Memcheck:Leak
   match-leak-kinds: reachable
   fun:malloc
   fun:XextAddDisplay
   fun:XPanoramiXQueryExtension
   fun:initExtensions
   fun:_glfwInitX11
   fun:glfwInit
   fun:_ZN13OpenGLContext12createWindowEjjb
   fun:_ZN13OpenGLContextC1Ejjb
   fun:_ZN10GlfwWindowC1Ejj
   fun:main
}
==82072== 24 bytes in 1 blocks are still reachable in loss record 131 of 2,570
==82072==    at 0x4848899: malloc (in /usr/libexec/valgrind/vgpreload_memcheck-amd64-linux.so)
==82072==    by 0x54DC9F5: XextAddDisplay (in /usr/lib/x86_64-linux-gnu/libXext.so.6.4.0)
==82072==    by 0x54DD174: XShapeQueryExtension (in /usr/lib/x86_64-linux-gnu/libXext.so.6.4.0)
==82072==    by 0x14172C: initExtensions (in /home/nelloy/proj/gnev/build/manual_test)
==82072==    by 0x140040: _glfwInitX11 (in /home/nelloy/proj/gnev/build/manual_test)
==82072==    by 0x130B3C: glfwInit (in /home/nelloy/proj/gnev/build/manual_test)
==82072==    by 0x12D0E6: OpenGLContext::createWindow(unsigned int, unsigned int, bool) (test/shared/OpenGLContext.cpp:53)
==82072==    by 0x12CF75: OpenGLContext::OpenGLContext(unsigned int, unsigned int, bool) (test/shared/OpenGLContext.cpp:16)
==82072==    by 0x121BE9: GlfwWindow::GlfwWindow(unsigned int, unsigned int) (test/manual/GlfwWindow.cpp:8)
==82072==    by 0x124126: main (test/manual/main.cpp:123)
==82072== 
{
   <insert_a_suppression_name_here>
   Memcheck:Leak
   match-leak-kinds: reachable
   fun:malloc
   fun:XextAddDisplay
   fun:XShapeQueryExtension
   fun:initExtensions
   fun:_glfwInitX11
   fun:glfwInit
   fun:_ZN13OpenGLContext12createWindowEjjb
   fun:_ZN13OpenGLContextC1Ejjb
   fun:_ZN10GlfwWindowC1Ejj
   fun:main
}
==82072== 27 bytes in 1 blocks are still reachable in loss record 188 of 2,570
==82072==    at 0x4848899: malloc (in /usr/libexec/valgrind/vgpreload_memcheck-amd64-linux.so)
==82072==    by 0x4CE4E4C: _nl_make_l10nflist (l10nflist.c:166)
==82072==    by 0x4CE5211: _nl_make_l10nflist (l10nflist.c:285)
==82072==    by 0x4CE5211: _nl_make_l10nflist (l10nflist.c:285)
==82072==    by 0x4CDE747: _nl_find_locale (findlocale.c:214)
==82072==    by 0x4CDDA90: setlocale (setlocale.c:414)
==82072==    by 0x4CDDA90: setlocale (setlocale.c:217)
==82072==    by 0x13EC9A: _glfwConnectX11 (in /home/nelloy/proj/gnev/build/manual_test)
==82072==    by 0x13763C: _glfwSelectPlatform (in /home/nelloy/proj/gnev/build/manual_test)
==82072==    by 0x130B1D: glfwInit (in /home/nelloy/proj/gnev/build/manual_test)
==82072==    by 0x12D0E6: OpenGLContext::createWindow(unsigned int, unsigned int, bool) (test/shared/OpenGLContext.cpp:53)
==82072==    by 0x12CF75: OpenGLContext::OpenGLContext(unsigned int, unsigned int, bool) (test/shared/OpenGLContext.cpp:16)
==82072==    by 0x121BE9: GlfwWindow::GlfwWindow(unsigned int, unsigned int) (test/manual/GlfwWindow.cpp:8)
==82072==    by 0x124126: main (test/manual/main.cpp:123)
==82072== 
{
   <insert_a_suppression_name_here>
   Memcheck:Leak
   match-leak-kinds: reachable
   fun:malloc
   fun:_nl_make_l10nflist
   fun:_nl_make_l10nflist
   fun:_nl_make_l10nflist
   fun:_nl_find_locale
   fun:setlocale
   fun:setlocale
   fun:_glfwConnectX11
   fun:_glfwSelectPlatform
   fun:glfwInit
   fun:_ZN13OpenGLContext12createWindowEjjb
   fun:_ZN13OpenGLContextC1Ejjb
   fun:_ZN10GlfwWindowC1Ejj
   fun:main
}
==82072== 32 bytes in 1 blocks are still reachable in loss record 410 of 2,570
==82072==    at 0x4848899: malloc (in /usr/libexec/valgrind/vgpreload_memcheck-amd64-linux.so)
==82072==    by 0x54DC7FF: XextAddDisplay (in /usr/lib/x86_64-linux-gnu/libXext.so.6.4.0)
==82072==    by 0x54D0444: XF86VidModeQueryExtension (in /usr/lib/x86_64-linux-gnu/libXxf86vm.so.1.0.0)
==82072==    by 0x140911: initExtensions (in /home/nelloy/proj/gnev/build/manual_test)
==82072==    by 0x140040: _glfwInitX11 (in /home/nelloy/proj/gnev/build/manual_test)
==82072==    by 0x130B3C: glfwInit (in /home/nelloy/proj/gnev/build/manual_test)
==82072==    by 0x12D0E6: OpenGLContext::createWindow(unsigned int, unsigned int, bool) (test/shared/OpenGLContext.cpp:53)
==82072==    by 0x12CF75: OpenGLContext::OpenGLContext(unsigned int, unsigned int, bool) (test/shared/OpenGLContext.cpp:16)
==82072==    by 0x121BE9: GlfwWindow::GlfwWindow(unsigned int, unsigned int) (test/manual/GlfwWindow.cpp:8)
==82072==    by 0x124126: main (test/manual/main.cpp:123)
==82072== 
{
   <insert_a_suppression_name_here>
   Memcheck:Leak
   match-leak-kinds: reachable
   fun:malloc
   fun:XextAddDisplay
   fun:XF86VidModeQueryExtension
   fun:initExtensions
   fun:_glfwInitX11
   fun:glfwInit
   fun:_ZN13OpenGLContext12createWindowEjjb
   fun:_ZN13OpenGLContextC1Ejjb
   fun:_ZN10GlfwWindowC1Ejj
   fun:main
}
==82072== 32 bytes in 1 blocks are still reachable in loss record 411 of 2,570
==82072==    at 0x4848899: malloc (in /usr/libexec/valgrind/vgpreload_memcheck-amd64-linux.so)
==82072==    by 0x54DC7FF: XextAddDisplay (in /usr/lib/x86_64-linux-gnu/libXext.so.6.4.0)
==82072==    by 0x54DC50A: ??? (in /usr/lib/x86_64-linux-gnu/libXext.so.6.4.0)
==82072==    by 0x54DC9C8: XextAddDisplay (in /usr/lib/x86_64-linux-gnu/libXext.so.6.4.0)
==82072==    by 0x54D0444: XF86VidModeQueryExtension (in /usr/lib/x86_64-linux-gnu/libXxf86vm.so.1.0.0)
==82072==    by 0x140911: initExtensions (in /home/nelloy/proj/gnev/build/manual_test)
==82072==    by 0x140040: _glfwInitX11 (in /home/nelloy/proj/gnev/build/manual_test)
==82072==    by 0x130B3C: glfwInit (in /home/nelloy/proj/gnev/build/manual_test)
==82072==    by 0x12D0E6: OpenGLContext::createWindow(unsigned int, unsigned int, bool) (test/shared/OpenGLContext.cpp:53)
==82072==    by 0x12CF75: OpenGLContext::OpenGLContext(unsigned int, unsigned int, bool) (test/shared/OpenGLContext.cpp:16)
==82072==    by 0x121BE9: GlfwWindow::GlfwWindow(unsigned int, unsigned int) (test/manual/GlfwWindow.cpp:8)
==82072==    by 0x124126: main (test/manual/main.cpp:123)
==82072== 
{
   <insert_a_suppression_name_here>
   Memcheck:Leak
   match-leak-kinds: reachable
   fun:malloc
   fun:XextAddDisplay
   obj:/usr/lib/x86_64-linux-gnu/libXext.so.6.4.0
   fun:XextAddDisplay
   fun:XF86VidModeQueryExtension
   fun:initExtensions
   fun:_glfwInitX11
   fun:glfwInit
   fun:_ZN13OpenGLContext12createWindowEjjb
   fun:_ZN13OpenGLContextC1Ejjb
   fun:_ZN10GlfwWindowC1Ejj
   fun:main
}
==82072== 32 bytes in 1 blocks are still reachable in loss record 412 of 2,570
==82072==    at 0x4848899: malloc (in /usr/libexec/valgrind/vgpreload_memcheck-amd64-linux.so)
==82072==    by 0x54DC7FF: XextAddDisplay (in /usr/lib/x86_64-linux-gnu/libXext.so.6.4.0)
==82072==    by 0x54EF085: ??? (in /usr/lib/x86_64-linux-gnu/libXi.so.6.1.0)
==82072==    by 0x54F722B: XIQueryVersion (in /usr/lib/x86_64-linux-gnu/libXi.so.6.1.0)
==82072==    by 0x140A87: initExtensions (in /home/nelloy/proj/gnev/build/manual_test)
==82072==    by 0x140040: _glfwInitX11 (in /home/nelloy/proj/gnev/build/manual_test)
==82072==    by 0x130B3C: glfwInit (in /home/nelloy/proj/gnev/build/manual_test)
==82072==    by 0x12D0E6: OpenGLContext::createWindow(unsigned int, unsigned int, bool) (test/shared/OpenGLContext.cpp:53)
==82072==    by 0x12CF75: OpenGLContext::OpenGLContext(unsigned int, unsigned int, bool) (test/shared/OpenGLContext.cpp:16)
==82072==    by 0x121BE9: GlfwWindow::GlfwWindow(unsigned int, unsigned int) (test/manual/GlfwWindow.cpp:8)
==82072==    by 0x124126: main (test/manual/main.cpp:123)
==82072== 
{
   <insert_a_suppression_name_here>
   Memcheck:Leak
   match-leak-kinds: reachable
   fun:malloc
   fun:XextAddDisplay
   obj:/usr/lib/x86_64-linux-gnu/libXi.so.6.1.0
   fun:XIQueryVersion
   fun:initExtensions
   fun:_glfwInitX11
   fun:glfwInit
   fun:_ZN13OpenGLContext12createWindowEjjb
   fun:_ZN13OpenGLContextC1Ejjb
   fun:_ZN10GlfwWindowC1Ejj
   fun:main
}
==82072== 32 bytes in 1 blocks are still reachable in loss record 413 of 2,570
==82072==    at 0x4848899: malloc (in /usr/libexec/valgrind/vgpreload_memcheck-amd64-linux.so)
==82072==    by 0x54DC7FF: XextAddDisplay (in /usr/lib/x86_64-linux-gnu/libXext.so.6.4.0)
==82072==    by 0x5501A2F: ??? (in /usr/lib/x86_64-linux-gnu/libXrandr.so.2.2.0)
==82072==    by 0x5502BD7: XRRQueryExtension (in /usr/lib/x86_64-linux-gnu/libXrandr.so.2.2.0)
==82072==    by 0x140E2F: initExtensions (in /home/nelloy/proj/gnev/build/manual_test)
==82072==    by 0x140040: _glfwInitX11 (in /home/nelloy/proj/gnev/build/manual_test)
==82072==    by 0x130B3C: glfwInit (in /home/nelloy/proj/gnev/build/manual_test)
==82072==    by 0x12D0E6: OpenGLContext::createWindow(unsigned int, unsigned int, bool) (test/shared/OpenGLContext.cpp:53)
==82072==    by 0x12CF75: OpenGLContext::OpenGLContext(unsigned int, unsigned int, bool) (test/shared/OpenGLContext.cpp:16)
==82072==    by 0x121BE9: GlfwWindow::GlfwWindow(unsigned int, unsigned int) (test/manual/GlfwWindow.cpp:8)
==82072==    by 0x124126: main (test/manual/main.cpp:123)
==82072== 
{
   <insert_a_suppression_name_here>
   Memcheck:Leak
   match-leak-kinds: reachable
   fun:malloc
   fun:XextAddDisplay
   obj:/usr/lib/x86_64-linux-gnu/libXrandr.so.2.2.0
   fun:XRRQueryExtension
   fun:initExtensions
   fun:_glfwInitX11
   fun:glfwInit
   fun:_ZN13OpenGLContext12createWindowEjjb
   fun:_ZN13OpenGLContextC1Ejjb
   fun:_ZN10GlfwWindowC1Ejj
   fun:main
}
==82072== 32 bytes in 1 blocks are still reachable in loss record 414 of 2,570
==82072==    at 0x4848899: malloc (in /usr/libexec/valgrind/vgpreload_memcheck-amd64-linux.so)
==82072==    by 0x5501A55: ??? (in /usr/lib/x86_64-linux-gnu/libXrandr.so.2.2.0)
==82072==    by 0x5502BD7: XRRQueryExtension (in /usr/lib/x86_64-linux-gnu/libXrandr.so.2.2.0)
==82072==    by 0x140E2F: initExtensions (in /home/nelloy/proj/gnev/build/manual_test)
==82072==    by 0x140040: _glfwInitX11 (in /home/nelloy/proj/gnev/build/manual_test)
==82072==    by 0x130B3C: glfwInit (in /home/nelloy/proj/gnev/build/manual_test)
==82072==    by 0x12D0E6: OpenGLContext::createWindow(unsigned int, unsigned int, bool) (test/shared/OpenGLContext.cpp:53)
==82072==    by 0x12CF75: OpenGLContext::OpenGLContext(unsigned int, unsigned int, bool) (test/shared/OpenGLContext.cpp:16)
==82072==    by 0x121BE9: GlfwWindow::GlfwWindow(unsigned int, unsigned int) (test/manual/GlfwWindow.cpp:8)
==82072==    by 0x124126: main (test/manual/main.cpp:123)
==82072== 
{
   <insert_a_suppression_name_here>
   Memcheck:Leak
   match-leak-kinds: reachable
   fun:malloc
   obj:/usr/lib/x86_64-linux-gnu/libXrandr.so.2.2.0
   fun:XRRQueryExtension
   fun:initExtensions
   fun:_glfwInitX11
   fun:glfwInit
   fun:_ZN13OpenGLContext12createWindowEjjb
   fun:_ZN13OpenGLContextC1Ejjb
   fun:_ZN10GlfwWindowC1Ejj
   fun:main
}
==82072== 32 bytes in 1 blocks are still reachable in loss record 415 of 2,570
==82072==    at 0x4848899: malloc (in /usr/libexec/valgrind/vgpreload_memcheck-amd64-linux.so)
==82072==    by 0x54DC7FF: XextAddDisplay (in /usr/lib/x86_64-linux-gnu/libXext.so.6.4.0)
==82072==    by 0x552E384: XPanoramiXQueryExtension (in /usr/lib/x86_64-linux-gnu/libXinerama.so.1.0.0)
==82072==    by 0x14123C: initExtensions (in /home/nelloy/proj/gnev/build/manual_test)
==82072==    by 0x140040: _glfwInitX11 (in /home/nelloy/proj/gnev/build/manual_test)
==82072==    by 0x130B3C: glfwInit (in /home/nelloy/proj/gnev/build/manual_test)
==82072==    by 0x12D0E6: OpenGLContext::createWindow(unsigned int, unsigned int, bool) (test/shared/OpenGLContext.cpp:53)
==82072==    by 0x12CF75: OpenGLContext::OpenGLContext(unsigned int, unsigned int, bool) (test/shared/OpenGLContext.cpp:16)
==82072==    by 0x121BE9: GlfwWindow::GlfwWindow(unsigned int, unsigned int) (test/manual/GlfwWindow.cpp:8)
==82072==    by 0x124126: main (test/manual/main.cpp:123)
==82072== 
{
   <insert_a_suppression_name_here>
   Memcheck:Leak
   match-leak-kinds: reachable
   fun:malloc
   fun:XextAddDisplay
   fun:XPanoramiXQueryExtension
   fun:initExtensions
   fun:_glfwInitX11
   fun:glfwInit
   fun:_ZN13OpenGLContext12createWindowEjjb
   fun:_ZN13OpenGLContextC1Ejjb
   fun:_ZN10GlfwWindowC1Ejj
   fun:main
}
==82072== 32 bytes in 1 blocks are still reachable in loss record 416 of 2,570
==82072==    at 0x4848899: malloc (in /usr/libexec/valgrind/vgpreload_memcheck-amd64-linux.so)
==82072==    by 0x550EDBC: XRenderFindDisplay (in /usr/lib/x86_64-linux-gnu/libXrender.so.1.3.0)
==82072==    by 0x5513814: XRenderQueryExtension (in /usr/lib/x86_64-linux-gnu/libXrender.so.1.3.0)
==82072==    by 0x141589: initExtensions (in /home/nelloy/proj/gnev/build/manual_test)
==82072==    by 0x140040: _glfwInitX11 (in /home/nelloy/proj/gnev/build/manual_test)
==82072==    by 0x130B3C: glfwInit (in /home/nelloy/proj/gnev/build/manual_test)
==82072==    by 0x12D0E6: OpenGLContext::createWindow(unsigned int, unsigned int, bool) (test/shared/OpenGLContext.cpp:53)
==82072==    by 0x12CF75: OpenGLContext::OpenGLContext(unsigned int, unsigned int, bool) (test/shared/OpenGLContext.cpp:16)
==82072==    by 0x121BE9: GlfwWindow::GlfwWindow(unsigned int, unsigned int) (test/manual/GlfwWindow.cpp:8)
==82072==    by 0x124126: main (test/manual/main.cpp:123)
==82072== 
{
   <insert_a_suppression_name_here>
   Memcheck:Leak
   match-leak-kinds: reachable
   fun:malloc
   fun:XRenderFindDisplay
   fun:XRenderQueryExtension
   fun:initExtensions
   fun:_glfwInitX11
   fun:glfwInit
   fun:_ZN13OpenGLContext12createWindowEjjb
   fun:_ZN13OpenGLContextC1Ejjb
   fun:_ZN10GlfwWindowC1Ejj
   fun:main
}
==82072== 32 bytes in 1 blocks are still reachable in loss record 417 of 2,570
==82072==    at 0x4848899: malloc (in /usr/libexec/valgrind/vgpreload_memcheck-amd64-linux.so)
==82072==    by 0x54DC7FF: XextAddDisplay (in /usr/lib/x86_64-linux-gnu/libXext.so.6.4.0)
==82072==    by 0x54DD174: XShapeQueryExtension (in /usr/lib/x86_64-linux-gnu/libXext.so.6.4.0)
==82072==    by 0x14172C: initExtensions (in /home/nelloy/proj/gnev/build/manual_test)
==82072==    by 0x140040: _glfwInitX11 (in /home/nelloy/proj/gnev/build/manual_test)
==82072==    by 0x130B3C: glfwInit (in /home/nelloy/proj/gnev/build/manual_test)
==82072==    by 0x12D0E6: OpenGLContext::createWindow(unsigned int, unsigned int, bool) (test/shared/OpenGLContext.cpp:53)
==82072==    by 0x12CF75: OpenGLContext::OpenGLContext(unsigned int, unsigned int, bool) (test/shared/OpenGLContext.cpp:16)
==82072==    by 0x121BE9: GlfwWindow::GlfwWindow(unsigned int, unsigned int) (test/manual/GlfwWindow.cpp:8)
==82072==    by 0x124126: main (test/manual/main.cpp:123)
==82072== 
{
   <insert_a_suppression_name_here>
   Memcheck:Leak
   match-leak-kinds: reachable
   fun:malloc
   fun:XextAddDisplay
   fun:XShapeQueryExtension
   fun:initExtensions
   fun:_glfwInitX11
   fun:glfwInit
   fun:_ZN13OpenGLContext12createWindowEjjb
   fun:_ZN13OpenGLContextC1Ejjb
   fun:_ZN10GlfwWindowC1Ejj
   fun:main
}
==82072== 38 bytes in 1 blocks are still reachable in loss record 960 of 2,570
==82072==    at 0x4848899: malloc (in /usr/libexec/valgrind/vgpreload_memcheck-amd64-linux.so)
==82072==    by 0x4CE4E4C: _nl_make_l10nflist (l10nflist.c:166)
==82072==    by 0x4CDE747: _nl_find_locale (findlocale.c:214)
==82072==    by 0x4CDDA90: setlocale (setlocale.c:414)
==82072==    by 0x4CDDA90: setlocale (setlocale.c:217)
==82072==    by 0x13EC9A: _glfwConnectX11 (in /home/nelloy/proj/gnev/build/manual_test)
==82072==    by 0x13763C: _glfwSelectPlatform (in /home/nelloy/proj/gnev/build/manual_test)
==82072==    by 0x130B1D: glfwInit (in /home/nelloy/proj/gnev/build/manual_test)
==82072==    by 0x12D0E6: OpenGLContext::createWindow(unsigned int, unsigned int, bool) (test/shared/OpenGLContext.cpp:53)
==82072==    by 0x12CF75: OpenGLContext::OpenGLContext(unsigned int, unsigned int, bool) (test/shared/OpenGLContext.cpp:16)
==82072==    by 0x121BE9: GlfwWindow::GlfwWindow(unsigned int, unsigned int) (test/manual/GlfwWindow.cpp:8)
==82072==    by 0x124126: main (test/manual/main.cpp:123)
==82072== 
{
   <insert_a_suppression_name_here>
   Memcheck:Leak
   match-leak-kinds: reachable
   fun:malloc
   fun:_nl_make_l10nflist
   fun:_nl_find_locale
   fun:setlocale
   fun:setlocale
   fun:_glfwConnectX11
   fun:_glfwSelectPlatform
   fun:glfwInit
   fun:_ZN13OpenGLContext12createWindowEjjb
   fun:_ZN13OpenGLContextC1Ejjb
   fun:_ZN10GlfwWindowC1Ejj
   fun:main
}
==82072== 40 bytes in 1 blocks are still reachable in loss record 1,161 of 2,570
==82072==    at 0x4849013: operator new(unsigned long) (in /usr/libexec/valgrind/vgpreload_memcheck-amd64-linux.so)
==82072==    by 0x12E15F: std::__new_allocator<std::pair<int, int> >::allocate(unsigned long, void const*) (new_allocator.h:137)
==82072==    by 0x12E0F0: allocate (allocator.h:188)
==82072==    by 0x12E0F0: std::allocator_traits<std::allocator<std::pair<int, int> > >::allocate(std::allocator<std::pair<int, int> >&, unsigned long) (alloc_traits.h:464)
==82072==    by 0x12DFBF: std::_Vector_base<std::pair<int, int>, std::allocator<std::pair<int, int> > >::_M_allocate(unsigned long) (stl_vector.h:378)
==82072==    by 0x12DDD5: void std::vector<std::pair<int, int>, std::allocator<std::pair<int, int> > >::_M_range_initialize<std::pair<int, int> const*>(std::pair<int, int> const*, std::pair<int, int> const*, std::forward_iterator_tag) (stl_vector.h:1687)
==82072==    by 0x12DB72: std::vector<std::pair<int, int>, std::allocator<std::pair<int, int> > >::vector(std::initializer_list<std::pair<int, int> >, std::allocator<std::pair<int, int> > const&) (stl_vector.h:677)
==82072==    by 0x12D34A: OpenGLContext::createWindow(unsigned int, unsigned int, bool) (test/shared/OpenGLContext.cpp:67)
==82072==    by 0x12CF75: OpenGLContext::OpenGLContext(unsigned int, unsigned int, bool) (test/shared/OpenGLContext.cpp:16)
==82072==    by 0x121BE9: GlfwWindow::GlfwWindow(unsigned int, unsigned int) (test/manual/GlfwWindow.cpp:8)
==82072==    by 0x124126: main (test/manual/main.cpp:123)
==82072== 
{
   <insert_a_suppression_name_here>
   Memcheck:Leak
   match-leak-kinds: reachable
   fun:_Znwm
   fun:_ZNSt15__new_allocatorISt4pairIiiEE8allocateEmPKv
   fun:allocate
   fun:_ZNSt16allocator_traitsISaISt4pairIiiEEE8allocateERS2_m
   fun:_ZNSt12_Vector_baseISt4pairIiiESaIS1_EE11_M_allocateEm
   fun:_ZNSt6vectorISt4pairIiiESaIS1_EE19_M_range_initializeIPKS1_EEvT_S7_St20forward_iterator_tag
   fun:_ZNSt6vectorISt4pairIiiESaIS1_EEC2ESt16initializer_listIS1_ERKS2_
   fun:_ZN13OpenGLContext12createWindowEjjb
   fun:_ZN13OpenGLContextC1Ejjb
   fun:_ZN10GlfwWindowC1Ejj
   fun:main
}
==82072== 56 bytes in 1 blocks are still reachable in loss record 2,172 of 2,570
==82072==    at 0x4848899: malloc (in /usr/libexec/valgrind/vgpreload_memcheck-amd64-linux.so)
==82072==    by 0x4CE4FDC: _nl_make_l10nflist (l10nflist.c:242)
==82072==    by 0x4CE5211: _nl_make_l10nflist (l10nflist.c:285)
==82072==    by 0x4CE5211: _nl_make_l10nflist (l10nflist.c:285)
==82072==    by 0x4CDE747: _nl_find_locale (findlocale.c:214)
==82072==    by 0x4CDDA90: setlocale (setlocale.c:414)
==82072==    by 0x4CDDA90: setlocale (setlocale.c:217)
==82072==    by 0x13EC9A: _glfwConnectX11 (in /home/nelloy/proj/gnev/build/manual_test)
==82072==    by 0x13763C: _glfwSelectPlatform (in /home/nelloy/proj/gnev/build/manual_test)
==82072==    by 0x130B1D: glfwInit (in /home/nelloy/proj/gnev/build/manual_test)
==82072==    by 0x12D0E6: OpenGLContext::createWindow(unsigned int, unsigned int, bool) (test/shared/OpenGLContext.cpp:53)
==82072==    by 0x12CF75: OpenGLContext::OpenGLContext(unsigned int, unsigned int, bool) (test/shared/OpenGLContext.cpp:16)
==82072==    by 0x121BE9: GlfwWindow::GlfwWindow(unsigned int, unsigned int) (test/manual/GlfwWindow.cpp:8)
==82072==    by 0x124126: main (test/manual/main.cpp:123)
==82072== 
{
   <insert_a_suppression_name_here>
   Memcheck:Leak
   match-leak-kinds: reachable
   fun:malloc
   fun:_nl_make_l10nflist
   fun:_nl_make_l10nflist
   fun:_nl_make_l10nflist
   fun:_nl_find_locale
   fun:setlocale
   fun:setlocale
   fun:_glfwConnectX11
   fun:_glfwSelectPlatform
   fun:glfwInit
   fun:_ZN13OpenGLContext12createWindowEjjb
   fun:_ZN13OpenGLContextC1Ejjb
   fun:_ZN10GlfwWindowC1Ejj
   fun:main
}
==82072== 65 bytes in 2 blocks are still reachable in loss record 2,290 of 2,570
==82072==    at 0x4848899: malloc (in /usr/libexec/valgrind/vgpreload_memcheck-amd64-linux.so)
==82072==    by 0x4CE4E4C: _nl_make_l10nflist (l10nflist.c:166)
==82072==    by 0x4CE5211: _nl_make_l10nflist (l10nflist.c:285)
==82072==    by 0x4CDE747: _nl_find_locale (findlocale.c:214)
==82072==    by 0x4CDDA90: setlocale (setlocale.c:414)
==82072==    by 0x4CDDA90: setlocale (setlocale.c:217)
==82072==    by 0x13EC9A: _glfwConnectX11 (in /home/nelloy/proj/gnev/build/manual_test)
==82072==    by 0x13763C: _glfwSelectPlatform (in /home/nelloy/proj/gnev/build/manual_test)
==82072==    by 0x130B1D: glfwInit (in /home/nelloy/proj/gnev/build/manual_test)
==82072==    by 0x12D0E6: OpenGLContext::createWindow(unsigned int, unsigned int, bool) (test/shared/OpenGLContext.cpp:53)
==82072==    by 0x12CF75: OpenGLContext::OpenGLContext(unsigned int, unsigned int, bool) (test/shared/OpenGLContext.cpp:16)
==82072==    by 0x121BE9: GlfwWindow::GlfwWindow(unsigned int, unsigned int) (test/manual/GlfwWindow.cpp:8)
==82072==    by 0x124126: main (test/manual/main.cpp:123)
==82072== 
{
   <insert_a_suppression_name_here>
   Memcheck:Leak
   match-leak-kinds: reachable
   fun:malloc
   fun:_nl_make_l10nflist
   fun:_nl_make_l10nflist
   fun:_nl_find_locale
   fun:setlocale
   fun:setlocale
   fun:_glfwConnectX11
   fun:_glfwSelectPlatform
   fun:glfwInit
   fun:_ZN13OpenGLContext12createWindowEjjb
   fun:_ZN13OpenGLContextC1Ejjb
   fun:_ZN10GlfwWindowC1Ejj
   fun:main
}
==82072== 80 bytes in 1 blocks are possibly lost in loss record 2,329 of 2,570
==82072==    at 0x4848899: malloc (in /usr/libexec/valgrind/vgpreload_memcheck-amd64-linux.so)
==82072==    by 0x59ABF16: ??? (in /usr/lib/x86_64-linux-gnu/libGLdispatch.so.0.0.0)
==82072==    by 0x59AC5DE: __glDispatchInit (in /usr/lib/x86_64-linux-gnu/libGLdispatch.so.0.0.0)
==82072==    by 0x593A74E: ??? (in /usr/lib/x86_64-linux-gnu/libGLX.so.0.0.0)
==82072==    by 0x400647D: call_init.part.0 (dl-init.c:70)
==82072==    by 0x4006567: call_init (dl-init.c:33)
==82072==    by 0x4006567: _dl_init (dl-init.c:117)
==82072==    by 0x4E1BCE4: _dl_catch_exception (dl-error-skeleton.c:182)
==82072==    by 0x400DFF5: dl_open_worker (dl-open.c:808)
==82072==    by 0x400DFF5: dl_open_worker (dl-open.c:771)
==82072==    by 0x4E1BC87: _dl_catch_exception (dl-error-skeleton.c:208)
==82072==    by 0x400E34D: _dl_open (dl-open.c:883)
==82072==    by 0x4D3763B: dlopen_doit (dlopen.c:56)
==82072==    by 0x4E1BC87: _dl_catch_exception (dl-error-skeleton.c:208)
==82072==    by 0x4E1BD52: _dl_catch_error (dl-error-skeleton.c:227)
==82072==    by 0x4D3712D: _dlerror_run (dlerror.c:138)
==82072==    by 0x4D376C7: dlopen_implementation (dlopen.c:71)
==82072==    by 0x4D376C7: dlopen@@GLIBC_2.34 (dlopen.c:81)
==82072==    by 0x13E4E9: _glfwPlatformLoadModule (in /home/nelloy/proj/gnev/build/manual_test)
==82072==    by 0x14D559: _glfwInitGLX (in /home/nelloy/proj/gnev/build/manual_test)
==82072==    by 0x145CD2: _glfwCreateWindowX11 (in /home/nelloy/proj/gnev/build/manual_test)
==82072==    by 0x138FD4: glfwCreateWindow (in /home/nelloy/proj/gnev/build/manual_test)
==82072==    by 0x12D435: OpenGLContext::createWindow(unsigned int, unsigned int, bool) (test/shared/OpenGLContext.cpp:76)
==82072==    by 0x12CF75: OpenGLContext::OpenGLContext(unsigned int, unsigned int, bool) (test/shared/OpenGLContext.cpp:16)
==82072==    by 0x121BE9: GlfwWindow::GlfwWindow(unsigned int, unsigned int) (test/manual/GlfwWindow.cpp:8)
==82072==    by 0x124126: main (test/manual/main.cpp:123)
==82072== 
{
   <insert_a_suppression_name_here>
   Memcheck:Leak
   match-leak-kinds: possible
   fun:malloc
   obj:/usr/lib/x86_64-linux-gnu/libGLdispatch.so.0.0.0
   fun:__glDispatchInit
   obj:/usr/lib/x86_64-linux-gnu/libGLX.so.0.0.0
   fun:call_init.part.0
   fun:call_init
   fun:_dl_init
   fun:_dl_catch_exception
   fun:dl_open_worker
   fun:dl_open_worker
   fun:_dl_catch_exception
   fun:_dl_open
   fun:dlopen_doit
   fun:_dl_catch_exception
   fun:_dl_catch_error
   fun:_dlerror_run
   fun:dlopen_implementation
   fun:dlopen@@GLIBC_2.34
   fun:_glfwPlatformLoadModule
   fun:_glfwInitGLX
   fun:_glfwCreateWindowX11
   fun:glfwCreateWindow
   fun:_ZN13OpenGLContext12createWindowEjjb
   fun:_ZN13OpenGLContextC1Ejjb
   fun:_ZN10GlfwWindowC1Ejj
   fun:main
}
==82072== 104 bytes in 1 blocks are still reachable in loss record 2,334 of 2,570
==82072==    at 0x4848899: malloc (in /usr/libexec/valgrind/vgpreload_memcheck-amd64-linux.so)
==82072==    by 0x4CE4FDC: _nl_make_l10nflist (l10nflist.c:242)
==82072==    by 0x4CDE747: _nl_find_locale (findlocale.c:214)
==82072==    by 0x4CDDA90: setlocale (setlocale.c:414)
==82072==    by 0x4CDDA90: setlocale (setlocale.c:217)
==82072==    by 0x13EC9A: _glfwConnectX11 (in /home/nelloy/proj/gnev/build/manual_test)
==82072==    by 0x13763C: _glfwSelectPlatform (in /home/nelloy/proj/gnev/build/manual_test)
==82072==    by 0x130B1D: glfwInit (in /home/nelloy/proj/gnev/build/manual_test)
==82072==    by 0x12D0E6: OpenGLContext::createWindow(unsigned int, unsigned int, bool) (test/shared/OpenGLContext.cpp:53)
==82072==    by 0x12CF75: OpenGLContext::OpenGLContext(unsigned int, unsigned int, bool) (test/shared/OpenGLContext.cpp:16)
==82072==    by 0x121BE9: GlfwWindow::GlfwWindow(unsigned int, unsigned int) (test/manual/GlfwWindow.cpp:8)
==82072==    by 0x124126: main (test/manual/main.cpp:123)
==82072== 
{
   <insert_a_suppression_name_here>
   Memcheck:Leak
   match-leak-kinds: reachable
   fun:malloc
   fun:_nl_make_l10nflist
   fun:_nl_find_locale
   fun:setlocale
   fun:setlocale
   fun:_glfwConnectX11
   fun:_glfwSelectPlatform
   fun:glfwInit
   fun:_ZN13OpenGLContext12createWindowEjjb
   fun:_ZN13OpenGLContextC1Ejjb
   fun:_ZN10GlfwWindowC1Ejj
   fun:main
}
==82072== 128 bytes in 1 blocks are possibly lost in loss record 2,367 of 2,570
==82072==    at 0x4848899: malloc (in /usr/libexec/valgrind/vgpreload_memcheck-amd64-linux.so)
==82072==    by 0x5A71EB4: ??? (in /usr/lib/x86_64-linux-gnu/libGLX_mesa.so.0.0.0)
==82072==    by 0x5A717D7: ??? (in /usr/lib/x86_64-linux-gnu/libGLX_mesa.so.0.0.0)
==82072==    by 0x5A59468: ??? (in /usr/lib/x86_64-linux-gnu/libGLX_mesa.so.0.0.0)
==82072==    by 0x5A55DFB: ??? (in /usr/lib/x86_64-linux-gnu/libGLX_mesa.so.0.0.0)
==82072==    by 0x14DD86: extensionSupportedGLX (in /home/nelloy/proj/gnev/build/manual_test)
==82072==    by 0x14DA9B: _glfwInitGLX (in /home/nelloy/proj/gnev/build/manual_test)
==82072==    by 0x145CD2: _glfwCreateWindowX11 (in /home/nelloy/proj/gnev/build/manual_test)
==82072==    by 0x138FD4: glfwCreateWindow (in /home/nelloy/proj/gnev/build/manual_test)
==82072==    by 0x12D435: OpenGLContext::createWindow(unsigned int, unsigned int, bool) (test/shared/OpenGLContext.cpp:76)
==82072==    by 0x12CF75: OpenGLContext::OpenGLContext(unsigned int, unsigned int, bool) (test/shared/OpenGLContext.cpp:16)
==82072==    by 0x121BE9: GlfwWindow::GlfwWindow(unsigned int, unsigned int) (test/manual/GlfwWindow.cpp:8)
==82072==    by 0x124126: main (test/manual/main.cpp:123)
==82072== 
{
   <insert_a_suppression_name_here>
   Memcheck:Leak
   match-leak-kinds: possible
   fun:malloc
   obj:/usr/lib/x86_64-linux-gnu/libGLX_mesa.so.0.0.0
   obj:/usr/lib/x86_64-linux-gnu/libGLX_mesa.so.0.0.0
   obj:/usr/lib/x86_64-linux-gnu/libGLX_mesa.so.0.0.0
   obj:/usr/lib/x86_64-linux-gnu/libGLX_mesa.so.0.0.0
   fun:extensionSupportedGLX
   fun:_glfwInitGLX
   fun:_glfwCreateWindowX11
   fun:glfwCreateWindow
   fun:_ZN13OpenGLContext12createWindowEjjb
   fun:_ZN13OpenGLContextC1Ejjb
   fun:_ZN10GlfwWindowC1Ejj
   fun:main
}
==82072== 128 bytes in 1 blocks are possibly lost in loss record 2,368 of 2,570
==82072==    at 0x4848899: malloc (in /usr/libexec/valgrind/vgpreload_memcheck-amd64-linux.so)
==82072==    by 0x5A71EB4: ??? (in /usr/lib/x86_64-linux-gnu/libGLX_mesa.so.0.0.0)
==82072==    by 0x5A71F2A: ??? (in /usr/lib/x86_64-linux-gnu/libGLX_mesa.so.0.0.0)
==82072==    by 0x5A71831: ??? (in /usr/lib/x86_64-linux-gnu/libGLX_mesa.so.0.0.0)
==82072==    by 0x5A59468: ??? (in /usr/lib/x86_64-linux-gnu/libGLX_mesa.so.0.0.0)
==82072==    by 0x5A55DFB: ??? (in /usr/lib/x86_64-linux-gnu/libGLX_mesa.so.0.0.0)
==82072==    by 0x14DD86: extensionSupportedGLX (in /home/nelloy/proj/gnev/build/manual_test)
==82072==    by 0x14DA9B: _glfwInitGLX (in /home/nelloy/proj/gnev/build/manual_test)
==82072==    by 0x145CD2: _glfwCreateWindowX11 (in /home/nelloy/proj/gnev/build/manual_test)
==82072==    by 0x138FD4: glfwCreateWindow (in /home/nelloy/proj/gnev/build/manual_test)
==82072==    by 0x12D435: OpenGLContext::createWindow(unsigned int, unsigned int, bool) (test/shared/OpenGLContext.cpp:76)
==82072==    by 0x12CF75: OpenGLContext::OpenGLContext(unsigned int, unsigned int, bool) (test/shared/OpenGLContext.cpp:16)
==82072==    by 0x121BE9: GlfwWindow::GlfwWindow(unsigned int, unsigned int) (test/manual/GlfwWindow.cpp:8)
==82072==    by 0x124126: main (test/manual/main.cpp:123)
==82072== 
{
   <insert_a_suppression_name_here>
   Memcheck:Leak
   match-leak-kinds: possible
   fun:malloc
   obj:/usr/lib/x86_64-linux-gnu/libGLX_mesa.so.0.0.0
   obj:/usr/lib/x86_64-linux-gnu/libGLX_mesa.so.0.0.0
   obj:/usr/lib/x86_64-linux-gnu/libGLX_mesa.so.0.0.0
   obj:/usr/lib/x86_64-linux-gnu/libGLX_mesa.so.0.0.0
   obj:/usr/lib/x86_64-linux-gnu/libGLX_mesa.so.0.0.0
   fun:extensionSupportedGLX
   fun:_glfwInitGLX
   fun:_glfwCreateWindowX11
   fun:glfwCreateWindow
   fun:_ZN13OpenGLContext12createWindowEjjb
   fun:_ZN13OpenGLContextC1Ejjb
   fun:_ZN10GlfwWindowC1Ejj
   fun:main
}
==82072== 144 bytes in 2 blocks are still reachable in loss record 2,373 of 2,570
==82072==    at 0x4848899: malloc (in /usr/libexec/valgrind/vgpreload_memcheck-amd64-linux.so)
==82072==    by 0x4CE4FDC: _nl_make_l10nflist (l10nflist.c:242)
==82072==    by 0x4CE5211: _nl_make_l10nflist (l10nflist.c:285)
==82072==    by 0x4CDE747: _nl_find_locale (findlocale.c:214)
==82072==    by 0x4CDDA90: setlocale (setlocale.c:414)
==82072==    by 0x4CDDA90: setlocale (setlocale.c:217)
==82072==    by 0x13EC9A: _glfwConnectX11 (in /home/nelloy/proj/gnev/build/manual_test)
==82072==    by 0x13763C: _glfwSelectPlatform (in /home/nelloy/proj/gnev/build/manual_test)
==82072==    by 0x130B1D: glfwInit (in /home/nelloy/proj/gnev/build/manual_test)
==82072==    by 0x12D0E6: OpenGLContext::createWindow(unsigned int, unsigned int, bool) (test/shared/OpenGLContext.cpp:53)
==82072==    by 0x12CF75: OpenGLContext::OpenGLContext(unsigned int, unsigned int, bool) (test/shared/OpenGLContext.cpp:16)
==82072==    by 0x121BE9: GlfwWindow::GlfwWindow(unsigned int, unsigned int) (test/manual/GlfwWindow.cpp:8)
==82072==    by 0x124126: main (test/manual/main.cpp:123)
==82072== 
{
   <insert_a_suppression_name_here>
   Memcheck:Leak
   match-leak-kinds: reachable
   fun:malloc
   fun:_nl_make_l10nflist
   fun:_nl_make_l10nflist
   fun:_nl_find_locale
   fun:setlocale
   fun:setlocale
   fun:_glfwConnectX11
   fun:_glfwSelectPlatform
   fun:glfwInit
   fun:_ZN13OpenGLContext12createWindowEjjb
   fun:_ZN13OpenGLContextC1Ejjb
   fun:_ZN10GlfwWindowC1Ejj
   fun:main
}
==82072== 167 bytes in 1 blocks are still reachable in loss record 2,381 of 2,570
==82072==    at 0x4848899: malloc (in /usr/libexec/valgrind/vgpreload_memcheck-amd64-linux.so)
==82072==    by 0x4CDD607: new_composite_name (setlocale.c:170)
==82072==    by 0x4CDDAEA: setlocale (setlocale.c:437)
==82072==    by 0x4CDDAEA: setlocale (setlocale.c:217)
==82072==    by 0x13EC9A: _glfwConnectX11 (in /home/nelloy/proj/gnev/build/manual_test)
==82072==    by 0x13763C: _glfwSelectPlatform (in /home/nelloy/proj/gnev/build/manual_test)
==82072==    by 0x130B1D: glfwInit (in /home/nelloy/proj/gnev/build/manual_test)
==82072==    by 0x12D0E6: OpenGLContext::createWindow(unsigned int, unsigned int, bool) (test/shared/OpenGLContext.cpp:53)
==82072==    by 0x12CF75: OpenGLContext::OpenGLContext(unsigned int, unsigned int, bool) (test/shared/OpenGLContext.cpp:16)
==82072==    by 0x121BE9: GlfwWindow::GlfwWindow(unsigned int, unsigned int) (test/manual/GlfwWindow.cpp:8)
==82072==    by 0x124126: main (test/manual/main.cpp:123)
==82072== 
{
   <insert_a_suppression_name_here>
   Memcheck:Leak
   match-leak-kinds: reachable
   fun:malloc
   fun:new_composite_name
   fun:setlocale
   fun:setlocale
   fun:_glfwConnectX11
   fun:_glfwSelectPlatform
   fun:glfwInit
   fun:_ZN13OpenGLContext12createWindowEjjb
   fun:_ZN13OpenGLContextC1Ejjb
   fun:_ZN10GlfwWindowC1Ejj
   fun:main
}
==82072== 200 bytes in 1 blocks are still reachable in loss record 2,395 of 2,570
==82072==    at 0x4848899: malloc (in /usr/libexec/valgrind/vgpreload_memcheck-amd64-linux.so)
==82072==    by 0x54EEA69: ??? (in /usr/lib/x86_64-linux-gnu/libXi.so.6.1.0)
==82072==    by 0x54F724F: XIQueryVersion (in /usr/lib/x86_64-linux-gnu/libXi.so.6.1.0)
==82072==    by 0x140A87: initExtensions (in /home/nelloy/proj/gnev/build/manual_test)
==82072==    by 0x140040: _glfwInitX11 (in /home/nelloy/proj/gnev/build/manual_test)
==82072==    by 0x130B3C: glfwInit (in /home/nelloy/proj/gnev/build/manual_test)
==82072==    by 0x12D0E6: OpenGLContext::createWindow(unsigned int, unsigned int, bool) (test/shared/OpenGLContext.cpp:53)
==82072==    by 0x12CF75: OpenGLContext::OpenGLContext(unsigned int, unsigned int, bool) (test/shared/OpenGLContext.cpp:16)
==82072==    by 0x121BE9: GlfwWindow::GlfwWindow(unsigned int, unsigned int) (test/manual/GlfwWindow.cpp:8)
==82072==    by 0x124126: main (test/manual/main.cpp:123)
==82072== 
{
   <insert_a_suppression_name_here>
   Memcheck:Leak
   match-leak-kinds: reachable
   fun:malloc
   obj:/usr/lib/x86_64-linux-gnu/libXi.so.6.1.0
   fun:XIQueryVersion
   fun:initExtensions
   fun:_glfwInitX11
   fun:glfwInit
   fun:_ZN13OpenGLContext12createWindowEjjb
   fun:_ZN13OpenGLContextC1Ejjb
   fun:_ZN10GlfwWindowC1Ejj
   fun:main
}
==82072== 208 bytes in 1 blocks are still reachable in loss record 2,398 of 2,570
==82072==    at 0x4848899: malloc (in /usr/libexec/valgrind/vgpreload_memcheck-amd64-linux.so)
==82072==    by 0x54DAAE9: ??? (in /usr/lib/x86_64-linux-gnu/libXext.so.6.4.0)
==82072==    by 0x54DC9DF: XextAddDisplay (in /usr/lib/x86_64-linux-gnu/libXext.so.6.4.0)
==82072==    by 0x54D0444: XF86VidModeQueryExtension (in /usr/lib/x86_64-linux-gnu/libXxf86vm.so.1.0.0)
==82072==    by 0x140911: initExtensions (in /home/nelloy/proj/gnev/build/manual_test)
==82072==    by 0x140040: _glfwInitX11 (in /home/nelloy/proj/gnev/build/manual_test)
==82072==    by 0x130B3C: glfwInit (in /home/nelloy/proj/gnev/build/manual_test)
==82072==    by 0x12D0E6: OpenGLContext::createWindow(unsigned int, unsigned int, bool) (test/shared/OpenGLContext.cpp:53)
==82072==    by 0x12CF75: OpenGLContext::OpenGLContext(unsigned int, unsigned int, bool) (test/shared/OpenGLContext.cpp:16)
==82072==    by 0x121BE9: GlfwWindow::GlfwWindow(unsigned int, unsigned int) (test/manual/GlfwWindow.cpp:8)
==82072==    by 0x124126: main (test/manual/main.cpp:123)
==82072== 
{
   <insert_a_suppression_name_here>
   Memcheck:Leak
   match-leak-kinds: reachable
   fun:malloc
   obj:/usr/lib/x86_64-linux-gnu/libXext.so.6.4.0
   fun:XextAddDisplay
   fun:XF86VidModeQueryExtension
   fun:initExtensions
   fun:_glfwInitX11
   fun:glfwInit
   fun:_ZN13OpenGLContext12createWindowEjjb
   fun:_ZN13OpenGLContextC1Ejjb
   fun:_ZN10GlfwWindowC1Ejj
   fun:main
}
==82072== 456 bytes in 1 blocks are still reachable in loss record 2,418 of 2,570
==82072==    at 0x4848899: malloc (in /usr/libexec/valgrind/vgpreload_memcheck-amd64-linux.so)
==82072==    by 0x551C594: _XcursorGetDisplayInfo (in /usr/lib/x86_64-linux-gnu/libXcursor.so.1.0.2)
==82072==    by 0x551CB4C: XcursorSupportsARGB (in /usr/lib/x86_64-linux-gnu/libXcursor.so.1.0.2)
==82072==    by 0x551CBA7: XcursorImageLoadCursor (in /usr/lib/x86_64-linux-gnu/libXcursor.so.1.0.2)
==82072==    by 0x13EC0D: _glfwCreateNativeCursorX11 (in /home/nelloy/proj/gnev/build/manual_test)
==82072==    by 0x14209F: createHiddenCursor (in /home/nelloy/proj/gnev/build/manual_test)
==82072==    by 0x140070: _glfwInitX11 (in /home/nelloy/proj/gnev/build/manual_test)
==82072==    by 0x130B3C: glfwInit (in /home/nelloy/proj/gnev/build/manual_test)
==82072==    by 0x12D0E6: OpenGLContext::createWindow(unsigned int, unsigned int, bool) (test/shared/OpenGLContext.cpp:53)
==82072==    by 0x12CF75: OpenGLContext::OpenGLContext(unsigned int, unsigned int, bool) (test/shared/OpenGLContext.cpp:16)
==82072==    by 0x121BE9: GlfwWindow::GlfwWindow(unsigned int, unsigned int) (test/manual/GlfwWindow.cpp:8)
==82072==    by 0x124126: main (test/manual/main.cpp:123)
==82072== 
{
   <insert_a_suppression_name_here>
   Memcheck:Leak
   match-leak-kinds: reachable
   fun:malloc
   fun:_XcursorGetDisplayInfo
   fun:XcursorSupportsARGB
   fun:XcursorImageLoadCursor
   fun:_glfwCreateNativeCursorX11
   fun:createHiddenCursor
   fun:_glfwInitX11
   fun:glfwInit
   fun:_ZN13OpenGLContext12createWindowEjjb
   fun:_ZN13OpenGLContextC1Ejjb
   fun:_ZN10GlfwWindowC1Ejj
   fun:main
}
==82072== 640 bytes in 2 blocks are still reachable in loss record 2,432 of 2,570
==82072==    at 0x4848899: malloc (in /usr/libexec/valgrind/vgpreload_memcheck-amd64-linux.so)
==82072==    by 0x130C38: defaultAllocate (in /home/nelloy/proj/gnev/build/manual_test)
==82072==    by 0x1302AD: _glfw_calloc (in /home/nelloy/proj/gnev/build/manual_test)
==82072==    by 0x136290: _glfwAllocMonitor (in /home/nelloy/proj/gnev/build/manual_test)
==82072==    by 0x143F9F: _glfwPollMonitorsX11 (in /home/nelloy/proj/gnev/build/manual_test)
==82072==    by 0x1400F7: _glfwInitX11 (in /home/nelloy/proj/gnev/build/manual_test)
==82072==    by 0x130B3C: glfwInit (in /home/nelloy/proj/gnev/build/manual_test)
==82072==    by 0x12D0E6: OpenGLContext::createWindow(unsigned int, unsigned int, bool) (test/shared/OpenGLContext.cpp:53)
==82072==    by 0x12CF75: OpenGLContext::OpenGLContext(unsigned int, unsigned int, bool) (test/shared/OpenGLContext.cpp:16)
==82072==    by 0x121BE9: GlfwWindow::GlfwWindow(unsigned int, unsigned int) (test/manual/GlfwWindow.cpp:8)
==82072==    by 0x124126: main (test/manual/main.cpp:123)
==82072== 
{
   <insert_a_suppression_name_here>
   Memcheck:Leak
   match-leak-kinds: reachable
   fun:malloc
   fun:defaultAllocate
   fun:_glfw_calloc
   fun:_glfwAllocMonitor
   fun:_glfwPollMonitorsX11
   fun:_glfwInitX11
   fun:glfwInit
   fun:_ZN13OpenGLContext12createWindowEjjb
   fun:_ZN13OpenGLContextC1Ejjb
   fun:_ZN10GlfwWindowC1Ejj
   fun:main
}
==82072== 776 bytes in 1 blocks are still reachable in loss record 2,435 of 2,570
==82072==    at 0x4848899: malloc (in /usr/libexec/valgrind/vgpreload_memcheck-amd64-linux.so)
==82072==    by 0x4CDE96E: _nl_intern_locale_data (loadlocale.c:97)
==82072==    by 0x4CDEC28: _nl_load_locale (loadlocale.c:266)
==82072==    by 0x4CDE7D0: _nl_find_locale (findlocale.c:237)
==82072==    by 0x4CDDA90: setlocale (setlocale.c:414)
==82072==    by 0x4CDDA90: setlocale (setlocale.c:217)
==82072==    by 0x13EC9A: _glfwConnectX11 (in /home/nelloy/proj/gnev/build/manual_test)
==82072==    by 0x13763C: _glfwSelectPlatform (in /home/nelloy/proj/gnev/build/manual_test)
==82072==    by 0x130B1D: glfwInit (in /home/nelloy/proj/gnev/build/manual_test)
==82072==    by 0x12D0E6: OpenGLContext::createWindow(unsigned int, unsigned int, bool) (test/shared/OpenGLContext.cpp:53)
==82072==    by 0x12CF75: OpenGLContext::OpenGLContext(unsigned int, unsigned int, bool) (test/shared/OpenGLContext.cpp:16)
==82072==    by 0x121BE9: GlfwWindow::GlfwWindow(unsigned int, unsigned int) (test/manual/GlfwWindow.cpp:8)
==82072==    by 0x124126: main (test/manual/main.cpp:123)
==82072== 
{
   <insert_a_suppression_name_here>
   Memcheck:Leak
   match-leak-kinds: reachable
   fun:malloc
   fun:_nl_intern_locale_data
   fun:_nl_load_locale
   fun:_nl_find_locale
   fun:setlocale
   fun:setlocale
   fun:_glfwConnectX11
   fun:_glfwSelectPlatform
   fun:glfwInit
   fun:_ZN13OpenGLContext12createWindowEjjb
   fun:_ZN13OpenGLContextC1Ejjb
   fun:_ZN10GlfwWindowC1Ejj
   fun:main
}
==82072== 1,600 bytes in 1 blocks are still reachable in loss record 2,533 of 2,570
==82072==    at 0x48487A9: malloc (in /usr/libexec/valgrind/vgpreload_memcheck-amd64-linux.so)
==82072==    by 0x4CE4A3E: extend_alias_table (localealias.c:401)
==82072==    by 0x4CE4A3E: read_alias_file (localealias.c:313)
==82072==    by 0x4CE4BB2: _nl_expand_alias (localealias.c:198)
==82072==    by 0x4CDE477: _nl_find_locale (findlocale.c:158)
==82072==    by 0x4CDDA90: setlocale (setlocale.c:414)
==82072==    by 0x4CDDA90: setlocale (setlocale.c:217)
==82072==    by 0x13EC9A: _glfwConnectX11 (in /home/nelloy/proj/gnev/build/manual_test)
==82072==    by 0x13763C: _glfwSelectPlatform (in /home/nelloy/proj/gnev/build/manual_test)
==82072==    by 0x130B1D: glfwInit (in /home/nelloy/proj/gnev/build/manual_test)
==82072==    by 0x12D0E6: OpenGLContext::createWindow(unsigned int, unsigned int, bool) (test/shared/OpenGLContext.cpp:53)
==82072==    by 0x12CF75: OpenGLContext::OpenGLContext(unsigned int, unsigned int, bool) (test/shared/OpenGLContext.cpp:16)
==82072==    by 0x121BE9: GlfwWindow::GlfwWindow(unsigned int, unsigned int) (test/manual/GlfwWindow.cpp:8)
==82072==    by 0x124126: main (test/manual/main.cpp:123)
==82072== 
{
   <insert_a_suppression_name_here>
   Memcheck:Leak
   match-leak-kinds: reachable
   fun:malloc
   fun:extend_alias_table
   fun:read_alias_file
   fun:_nl_expand_alias
   fun:_nl_find_locale
   fun:setlocale
   fun:setlocale
   fun:_glfwConnectX11
   fun:_glfwSelectPlatform
   fun:glfwInit
   fun:_ZN13OpenGLContext12createWindowEjjb
   fun:_ZN13OpenGLContextC1Ejjb
   fun:_ZN10GlfwWindowC1Ejj
   fun:main
}
==82072== 2,048 bytes in 1 blocks are still reachable in loss record 2,536 of 2,570
==82072==    at 0x484DCD3: realloc (in /usr/libexec/valgrind/vgpreload_memcheck-amd64-linux.so)
==82072==    by 0x4CE493D: read_alias_file (localealias.c:333)
==82072==    by 0x4CE4BB2: _nl_expand_alias (localealias.c:198)
==82072==    by 0x4CDE477: _nl_find_locale (findlocale.c:158)
==82072==    by 0x4CDDA90: setlocale (setlocale.c:414)
==82072==    by 0x4CDDA90: setlocale (setlocale.c:217)
==82072==    by 0x13EC9A: _glfwConnectX11 (in /home/nelloy/proj/gnev/build/manual_test)
==82072==    by 0x13763C: _glfwSelectPlatform (in /home/nelloy/proj/gnev/build/manual_test)
==82072==    by 0x130B1D: glfwInit (in /home/nelloy/proj/gnev/build/manual_test)
==82072==    by 0x12D0E6: OpenGLContext::createWindow(unsigned int, unsigned int, bool) (test/shared/OpenGLContext.cpp:53)
==82072==    by 0x12CF75: OpenGLContext::OpenGLContext(unsigned int, unsigned int, bool) (test/shared/OpenGLContext.cpp:16)
==82072==    by 0x121BE9: GlfwWindow::GlfwWindow(unsigned int, unsigned int) (test/manual/GlfwWindow.cpp:8)
==82072==    by 0x124126: main (test/manual/main.cpp:123)
==82072== 
{
   <insert_a_suppression_name_here>
   Memcheck:Leak
   match-leak-kinds: reachable
   fun:realloc
   fun:read_alias_file
   fun:_nl_expand_alias
   fun:_nl_find_locale
   fun:setlocale
   fun:setlocale
   fun:_glfwConnectX11
   fun:_glfwSelectPlatform
   fun:glfwInit
   fun:_ZN13OpenGLContext12createWindowEjjb
   fun:_ZN13OpenGLContextC1Ejjb
   fun:_ZN10GlfwWindowC1Ejj
   fun:main
}
==82072== 2,304 bytes in 1 blocks are possibly lost in loss record 2,540 of 2,570
==82072==    at 0x4848899: malloc (in /usr/libexec/valgrind/vgpreload_memcheck-amd64-linux.so)
==82072==    by 0x4005D97: malloc (rtld-malloc.h:56)
==82072==    by 0x4005D97: _dlfo_mappings_segment_allocate (dl-find_object.c:217)
==82072==    by 0x4005D97: _dl_find_object_update_1 (dl-find_object.c:671)
==82072==    by 0x4005D97: _dl_find_object_update (dl-find_object.c:804)
==82072==    by 0x400ECCF: dl_open_worker_begin (dl-open.c:735)
==82072==    by 0x4E1BC87: _dl_catch_exception (dl-error-skeleton.c:208)
==82072==    by 0x400DF99: dl_open_worker (dl-open.c:782)
==82072==    by 0x4E1BC87: _dl_catch_exception (dl-error-skeleton.c:208)
==82072==    by 0x400E34D: _dl_open (dl-open.c:883)
==82072==    by 0x4D3763B: dlopen_doit (dlopen.c:56)
==82072==    by 0x4E1BC87: _dl_catch_exception (dl-error-skeleton.c:208)
==82072==    by 0x4E1BD52: _dl_catch_error (dl-error-skeleton.c:227)
==82072==    by 0x4D3712D: _dlerror_run (dlerror.c:138)
==82072==    by 0x4D376C7: dlopen_implementation (dlopen.c:71)
==82072==    by 0x4D376C7: dlopen@@GLIBC_2.34 (dlopen.c:81)
==82072==    by 0x13E4E9: _glfwPlatformLoadModule (in /home/nelloy/proj/gnev/build/manual_test)
==82072==    by 0x13ECA6: _glfwConnectX11 (in /home/nelloy/proj/gnev/build/manual_test)
==82072==    by 0x13763C: _glfwSelectPlatform (in /home/nelloy/proj/gnev/build/manual_test)
==82072==    by 0x130B1D: glfwInit (in /home/nelloy/proj/gnev/build/manual_test)
==82072==    by 0x12D0E6: OpenGLContext::createWindow(unsigned int, unsigned int, bool) (test/shared/OpenGLContext.cpp:53)
==82072==    by 0x12CF75: OpenGLContext::OpenGLContext(unsigned int, unsigned int, bool) (test/shared/OpenGLContext.cpp:16)
==82072==    by 0x121BE9: GlfwWindow::GlfwWindow(unsigned int, unsigned int) (test/manual/GlfwWindow.cpp:8)
==82072==    by 0x124126: main (test/manual/main.cpp:123)
==82072== 
{
   <insert_a_suppression_name_here>
   Memcheck:Leak
   match-leak-kinds: possible
   fun:malloc
   fun:malloc
   fun:_dlfo_mappings_segment_allocate
   fun:_dl_find_object_update_1
   fun:_dl_find_object_update
   fun:dl_open_worker_begin
   fun:_dl_catch_exception
   fun:dl_open_worker
   fun:_dl_catch_exception
   fun:_dl_open
   fun:dlopen_doit
   fun:_dl_catch_exception
   fun:_dl_catch_error
   fun:_dlerror_run
   fun:dlopen_implementation
   fun:dlopen@@GLIBC_2.34
   fun:_glfwPlatformLoadModule
   fun:_glfwConnectX11
   fun:_glfwSelectPlatform
   fun:glfwInit
   fun:_ZN13OpenGLContext12createWindowEjjb
   fun:_ZN13OpenGLContextC1Ejjb
   fun:_ZN10GlfwWindowC1Ejj
   fun:main
}
==82072== 2,304 bytes in 1 blocks are possibly lost in loss record 2,541 of 2,570
==82072==    at 0x4848899: malloc (in /usr/libexec/valgrind/vgpreload_memcheck-amd64-linux.so)
==82072==    by 0x4005D97: malloc (rtld-malloc.h:56)
==82072==    by 0x4005D97: _dlfo_mappings_segment_allocate (dl-find_object.c:217)
==82072==    by 0x4005D97: _dl_find_object_update_1 (dl-find_object.c:671)
==82072==    by 0x4005D97: _dl_find_object_update (dl-find_object.c:804)
==82072==    by 0x400ECCF: dl_open_worker_begin (dl-open.c:735)
==82072==    by 0x4E1BC87: _dl_catch_exception (dl-error-skeleton.c:208)
==82072==    by 0x400DF99: dl_open_worker (dl-open.c:782)
==82072==    by 0x4E1BC87: _dl_catch_exception (dl-error-skeleton.c:208)
==82072==    by 0x400E34D: _dl_open (dl-open.c:883)
==82072==    by 0x4D3763B: dlopen_doit (dlopen.c:56)
==82072==    by 0x4E1BC87: _dl_catch_exception (dl-error-skeleton.c:208)
==82072==    by 0x4E1BD52: _dl_catch_error (dl-error-skeleton.c:227)
==82072==    by 0x4D3712D: _dlerror_run (dlerror.c:138)
==82072==    by 0x4D376C7: dlopen_implementation (dlopen.c:71)
==82072==    by 0x4D376C7: dlopen@@GLIBC_2.34 (dlopen.c:81)
==82072==    by 0x13E4E9: _glfwPlatformLoadModule (in /home/nelloy/proj/gnev/build/manual_test)
==82072==    by 0x1407F3: initExtensions (in /home/nelloy/proj/gnev/build/manual_test)
==82072==    by 0x140040: _glfwInitX11 (in /home/nelloy/proj/gnev/build/manual_test)
==82072==    by 0x130B3C: glfwInit (in /home/nelloy/proj/gnev/build/manual_test)
==82072==    by 0x12D0E6: OpenGLContext::createWindow(unsigned int, unsigned int, bool) (test/shared/OpenGLContext.cpp:53)
==82072==    by 0x12CF75: OpenGLContext::OpenGLContext(unsigned int, unsigned int, bool) (test/shared/OpenGLContext.cpp:16)
==82072==    by 0x121BE9: GlfwWindow::GlfwWindow(unsigned int, unsigned int) (test/manual/GlfwWindow.cpp:8)
==82072==    by 0x124126: main (test/manual/main.cpp:123)
==82072== 
{
   <insert_a_suppression_name_here>
   Memcheck:Leak
   match-leak-kinds: possible
   fun:malloc
   fun:malloc
   fun:_dlfo_mappings_segment_allocate
   fun:_dl_find_object_update_1
   fun:_dl_find_object_update
   fun:dl_open_worker_begin
   fun:_dl_catch_exception
   fun:dl_open_worker
   fun:_dl_catch_exception
   fun:_dl_open
   fun:dlopen_doit
   fun:_dl_catch_exception
   fun:_dl_catch_error
   fun:_dlerror_run
   fun:dlopen_implementation
   fun:dlopen@@GLIBC_2.34
   fun:_glfwPlatformLoadModule
   fun:initExtensions
   fun:_glfwInitX11
   fun:glfwInit
   fun:_ZN13OpenGLContext12createWindowEjjb
   fun:_ZN13OpenGLContextC1Ejjb
   fun:_ZN10GlfwWindowC1Ejj
   fun:main
}
==82072== 8,680 bytes in 1 blocks are still reachable in loss record 2,555 of 2,570
==82072==    at 0x4848899: malloc (in /usr/libexec/valgrind/vgpreload_memcheck-amd64-linux.so)
==82072==    by 0x5513B07: XRenderQueryFormats (in /usr/lib/x86_64-linux-gnu/libXrender.so.1.3.0)
==82072==    by 0x5514222: XRenderQueryVersion (in /usr/lib/x86_64-linux-gnu/libXrender.so.1.3.0)
==82072==    by 0x1415DE: initExtensions (in /home/nelloy/proj/gnev/build/manual_test)
==82072==    by 0x140040: _glfwInitX11 (in /home/nelloy/proj/gnev/build/manual_test)
==82072==    by 0x130B3C: glfwInit (in /home/nelloy/proj/gnev/build/manual_test)
==82072==    by 0x12D0E6: OpenGLContext::createWindow(unsigned int, unsigned int, bool) (test/shared/OpenGLContext.cpp:53)
==82072==    by 0x12CF75: OpenGLContext::OpenGLContext(unsigned int, unsigned int, bool) (test/shared/OpenGLContext.cpp:16)
==82072==    by 0x121BE9: GlfwWindow::GlfwWindow(unsigned int, unsigned int) (test/manual/GlfwWindow.cpp:8)
==82072==    by 0x124126: main (test/manual/main.cpp:123)
==82072== 
{
   <insert_a_suppression_name_here>
   Memcheck:Leak
   match-leak-kinds: reachable
   fun:malloc
   fun:XRenderQueryFormats
   fun:XRenderQueryVersion
   fun:initExtensions
   fun:_glfwInitX11
   fun:glfwInit
   fun:_ZN13OpenGLContext12createWindowEjjb
   fun:_ZN13OpenGLContextC1Ejjb
   fun:_ZN10GlfwWindowC1Ejj
   fun:main
}
==82072== 72,704 bytes in 1 blocks are still reachable in loss record 2,566 of 2,570
==82072==    at 0x4848899: malloc (in /usr/libexec/valgrind/vgpreload_memcheck-amd64-linux.so)
==82072==    by 0x4B03939: ??? (in /usr/lib/x86_64-linux-gnu/libstdc++.so.6.0.30)
==82072==    by 0x400647D: call_init.part.0 (dl-init.c:70)
==82072==    by 0x4006567: call_init (dl-init.c:33)
==82072==    by 0x4006567: _dl_init (dl-init.c:117)
==82072==    by 0x40202C9: ??? (in /usr/lib/x86_64-linux-gnu/ld-linux-x86-64.so.2)
==82072== 
{
   <insert_a_suppression_name_here>
   Memcheck:Leak
   match-leak-kinds: reachable
   fun:malloc
   obj:/usr/lib/x86_64-linux-gnu/libstdc++.so.6.0.30
   fun:call_init.part.0
   fun:call_init
   fun:_dl_init
   obj:/usr/lib/x86_64-linux-gnu/ld-linux-x86-64.so.2
}
==82072== 96,775 bytes in 1 blocks are still reachable in loss record 2,567 of 2,570
==82072==    at 0x4848899: malloc (in /usr/libexec/valgrind/vgpreload_memcheck-amd64-linux.so)
==82072==    by 0x130C38: defaultAllocate (in /home/nelloy/proj/gnev/build/manual_test)
==82072==    by 0x1302AD: _glfw_calloc (in /home/nelloy/proj/gnev/build/manual_test)
==82072==    by 0x13210E: _glfwInitGamepadMappings (in /home/nelloy/proj/gnev/build/manual_test)
==82072==    by 0x130BDA: glfwInit (in /home/nelloy/proj/gnev/build/manual_test)
==82072==    by 0x12D0E6: OpenGLContext::createWindow(unsigned int, unsigned int, bool) (test/shared/OpenGLContext.cpp:53)
==82072==    by 0x12CF75: OpenGLContext::OpenGLContext(unsigned int, unsigned int, bool) (test/shared/OpenGLContext.cpp:16)
==82072==    by 0x121BE9: GlfwWindow::GlfwWindow(unsigned int, unsigned int) (test/manual/GlfwWindow.cpp:8)
==82072==    by 0x124126: main (test/manual/main.cpp:123)
==82072== 
{
   <insert_a_suppression_name_here>
   Memcheck:Leak
   match-leak-kinds: reachable
   fun:malloc
   fun:defaultAllocate
   fun:_glfw_calloc
   fun:_glfwInitGamepadMappings
   fun:glfwInit
   fun:_ZN13OpenGLContext12createWindowEjjb
   fun:_ZN13OpenGLContextC1Ejjb
   fun:_ZN10GlfwWindowC1Ejj
   fun:main
}
==82072== LEAK SUMMARY:
==82072==    definitely lost: 0 bytes in 0 blocks
==82072==    indirectly lost: 0 bytes in 0 blocks
==82072==      possibly lost: 4,944 bytes in 5 blocks
==82072==    still reachable: 185,199 bytes in 41 blocks
==82072==         suppressed: 1,298,030 bytes in 4,762 blocks
==82072== 
==82072== For lists of detected and suppressed errors, rerun with: -s
==82072== ERROR SUMMARY: 5 errors from 5 contexts (suppressed: 5 from 5)
