d:\projects\gnev\build\gnev.dir\debug\vc142.pdb
d:\projects\gnev\build\gnev.dir\debug\gl.obj
d:\projects\gnev\build\gnev.dir\debug\drawer.obj
d:\projects\gnev\build\cmakefiles\generate.stamp
d:\projects\gnev\build\debug\gnev.lib
d:\projects\gnev\build\debug\gnev.exp
d:\projects\gnev\build\debug\gnev.dll
d:\projects\gnev\build\gnev.dir\debug\gnev.ilk
d:\projects\gnev\build\debug\gnev.pdb
d:\projects\gnev\build\gnev.dir\debug\gnev.tlog\cl.command.1.tlog
d:\projects\gnev\build\gnev.dir\debug\gnev.tlog\cl.read.1.tlog
d:\projects\gnev\build\gnev.dir\debug\gnev.tlog\cl.write.1.tlog
d:\projects\gnev\build\gnev.dir\debug\gnev.tlog\custombuild.command.1.tlog
d:\projects\gnev\build\gnev.dir\debug\gnev.tlog\custombuild.read.1.tlog
d:\projects\gnev\build\gnev.dir\debug\gnev.tlog\custombuild.write.1.tlog
d:\projects\gnev\build\gnev.dir\debug\gnev.tlog\gnev.write.1u.tlog
d:\projects\gnev\build\gnev.dir\debug\gnev.tlog\lib-link.read.1.tlog
d:\projects\gnev\build\gnev.dir\debug\gnev.tlog\lib-link.write.1.tlog
d:\projects\gnev\build\gnev.dir\debug\gnev.tlog\lib.command.1.tlog
d:\projects\gnev\build\gnev.dir\debug\gnev.tlog\link.4592.delete.1.tlog
d:\projects\gnev\build\gnev.dir\debug\gnev.tlog\link.command.1.tlog
d:\projects\gnev\build\gnev.dir\debug\gnev.tlog\link.read.1.tlog
d:\projects\gnev\build\gnev.dir\debug\gnev.tlog\link.write.1.tlog
