d:\projects\gnev\build\gnev_sample.dir\debug\vc142.pdb
d:\projects\gnev\build\gnev_sample.dir\debug\main.obj
d:\projects\gnev\build\cmakefiles\generate.stamp
d:\projects\gnev\build\debug\gnev_sample.lib
d:\projects\gnev\build\debug\gnev_sample.exp
d:\projects\gnev\build\debug\gnev_sample.pdb
d:\projects\gnev\build\gnev_sample.dir\debug\gnev_sample.tlog\cl.command.1.tlog
d:\projects\gnev\build\gnev_sample.dir\debug\gnev_sample.tlog\cl.read.1.tlog
d:\projects\gnev\build\gnev_sample.dir\debug\gnev_sample.tlog\cl.write.1.tlog
d:\projects\gnev\build\gnev_sample.dir\debug\gnev_sample.tlog\custombuild.command.1.tlog
d:\projects\gnev\build\gnev_sample.dir\debug\gnev_sample.tlog\custombuild.read.1.tlog
d:\projects\gnev\build\gnev_sample.dir\debug\gnev_sample.tlog\custombuild.write.1.tlog
d:\projects\gnev\build\gnev_sample.dir\debug\gnev_sample.tlog\gnev_sample.write.1u.tlog
d:\projects\gnev\build\gnev_sample.dir\debug\gnev_sample.tlog\link-cvtres.read.1.tlog
d:\projects\gnev\build\gnev_sample.dir\debug\gnev_sample.tlog\link-cvtres.write.1.tlog
d:\projects\gnev\build\gnev_sample.dir\debug\gnev_sample.tlog\link-rc.read.1.tlog
d:\projects\gnev\build\gnev_sample.dir\debug\gnev_sample.tlog\link-rc.write.1.tlog
d:\projects\gnev\build\gnev_sample.dir\debug\gnev_sample.tlog\link.1884.delete.1.tlog
d:\projects\gnev\build\gnev_sample.dir\debug\gnev_sample.tlog\link.24040-cvtres.read.1.tlog
d:\projects\gnev\build\gnev_sample.dir\debug\gnev_sample.tlog\link.24040-cvtres.write.1.tlog
d:\projects\gnev\build\gnev_sample.dir\debug\gnev_sample.tlog\link.24040-rc.read.1.tlog
d:\projects\gnev\build\gnev_sample.dir\debug\gnev_sample.tlog\link.24040-rc.write.1.tlog
d:\projects\gnev\build\gnev_sample.dir\debug\gnev_sample.tlog\link.24040.read.1.tlog
d:\projects\gnev\build\gnev_sample.dir\debug\gnev_sample.tlog\link.24040.read.2.tlog
d:\projects\gnev\build\gnev_sample.dir\debug\gnev_sample.tlog\link.24040.write.1.tlog
d:\projects\gnev\build\gnev_sample.dir\debug\gnev_sample.tlog\link.command.1.tlog
d:\projects\gnev\build\gnev_sample.dir\debug\gnev_sample.tlog\link.read.1.tlog
d:\projects\gnev\build\gnev_sample.dir\debug\gnev_sample.tlog\link.read.2.tlog
d:\projects\gnev\build\gnev_sample.dir\debug\gnev_sample.tlog\link.write.1.tlog
